State 0:
          doc ::= * blocks
          blocks ::= * blocks block
          blocks ::= * block
          block ::= * LINE_ATX_1
          block ::= * LINE_ATX_2
          block ::= * LINE_ATX_3
          block ::= * LINE_ATX_4
          block ::= * LINE_ATX_5
          block ::= * LINE_ATX_6
          block ::= * LINE_HR
          block ::= * LINE_TOC
          block ::= * blockquote
          block ::= * def_abbreviation
          block ::= * def_citation
          block ::= * def_footnote
          block ::= * def_glossary
          block ::= * def_link
          block ::= * definition_block
          block ::= * empty
          block ::= * fenced_block
          block ::= * html_block
          block ::= * html_com_block
          block ::= * indented_code
          block ::= * list_bullet
          block ::= * list_enum
          block ::= * meta_block
          block ::= * para
          block ::= * setext_1
          block ::= * setext_2
          block ::= * table
          indented_line ::= * LINE_INDENTED_TAB
          indented_line ::= * LINE_INDENTED_SPACE
          blockquote ::= * blockquote quote_line
          blockquote ::= * LINE_BLOCKQUOTE
          def_citation ::= * LINE_DEF_CITATION tail
          def_citation ::= * LINE_DEF_CITATION
          def_footnote ::= * LINE_DEF_FOOTNOTE tail
          def_footnote ::= * LINE_DEF_FOOTNOTE
          def_glossary ::= * LINE_DEF_GLOSSARY tail
          def_glossary ::= * LINE_DEF_GLOSSARY
          def_link ::= * LINE_DEF_LINK chunk
          def_link ::= * LINE_DEF_LINK
          def_abbreviation ::= * LINE_DEF_ABBREVIATION chunk
          def_abbreviation ::= * LINE_DEF_ABBREVIATION
          definition_block ::= * para defs
          defs ::= * defs def
          defs ::= * def
          def ::= * LINE_DEFINITION tail
          def ::= * LINE_DEFINITION
          empty ::= * empty LINE_EMPTY
          empty ::= * LINE_EMPTY
          fenced_block ::= * fenced_3 LINE_FENCE_BACKTICK_3
          fenced_block ::= * fenced_3 LINE_FENCE_BACKTICK_4
          fenced_block ::= * fenced_3 LINE_FENCE_BACKTICK_5
          fenced_block ::= * fenced_3
          fenced_3 ::= * fenced_3 fenced_line
          fenced_3 ::= * LINE_FENCE_BACKTICK_3
          fenced_3 ::= * LINE_FENCE_BACKTICK_START_3
          fenced_block ::= * fenced_4 LINE_FENCE_BACKTICK_4
          fenced_block ::= * fenced_4 LINE_FENCE_BACKTICK_5
          fenced_block ::= * fenced_4
          fenced_4 ::= * fenced_4 fenced_line
          fenced_4 ::= * fenced_4 LINE_FENCE_BACKTICK_3
          fenced_4 ::= * fenced_4 LINE_FENCE_BACKTICK_START_3
          fenced_4 ::= * LINE_FENCE_BACKTICK_4
          fenced_4 ::= * LINE_FENCE_BACKTICK_START_4
          fenced_block ::= * fenced_5 LINE_FENCE_BACKTICK_5
          fenced_block ::= * fenced_5
          fenced_5 ::= * fenced_5 fenced_line
          fenced_5 ::= * fenced_5 LINE_FENCE_BACKTICK_3
          fenced_5 ::= * fenced_5 LINE_FENCE_BACKTICK_START_3
          fenced_5 ::= * fenced_5 LINE_FENCE_BACKTICK_4
          fenced_5 ::= * fenced_5 LINE_FENCE_BACKTICK_START_4
          fenced_5 ::= * LINE_FENCE_BACKTICK_5
          fenced_5 ::= * LINE_FENCE_BACKTICK_START_5
          html_block ::= * html_block html_line
          html_block ::= * LINE_HTML
          html_com_block ::= * html_comment LINE_STOP_COMMENT
          html_com_block ::= * html_comment
          html_comment ::= * html_comment comment_line
          html_comment ::= * LINE_START_COMMENT
          indented_code ::= * indented_code indented_line
          indented_code ::= * indented_code LINE_EMPTY
          indented_code ::= * indented_line
          list_bullet ::= * list_bullet item_bullet
          list_bullet ::= * item_bullet
          item_bullet ::= * LINE_LIST_BULLETED ext_chunk
          item_bullet ::= * LINE_LIST_BULLETED chunk
          item_bullet ::= * LINE_LIST_BULLETED nested_chunks
          item_bullet ::= * LINE_LIST_BULLETED
          list_enum ::= * list_enum item_enum
          list_enum ::= * item_enum
          item_enum ::= * LINE_LIST_ENUMERATED ext_chunk
          item_enum ::= * LINE_LIST_ENUMERATED chunk
          item_enum ::= * LINE_LIST_ENUMERATED nested_chunks
          item_enum ::= * LINE_LIST_ENUMERATED
          meta_block ::= * meta_block meta_line
          meta_block ::= * LINE_META
          para ::= * LINE_PLAIN chunk
          para ::= * LINE_PLAIN
          para ::= * LINE_STOP_COMMENT
          setext_1 ::= * para LINE_SETEXT_1
          setext_2 ::= * para LINE_SETEXT_2
          table ::= * table_header table_body
          table ::= * table_header
          table_header ::= * header_rows LINE_TABLE_SEPARATOR
          header_rows ::= * header_rows LINE_TABLE
          header_rows ::= * LINE_TABLE
          all_rows ::= * all_rows row
          all_rows ::= * row
          row ::= * header_rows
          row ::= * LINE_TABLE_SEPARATOR
          para ::= * all_rows
          para ::= * defs

                       LINE_HR shift-reduce 9      block ::= LINE_HR
                    LINE_PLAIN shift        16     
             LINE_INDENTED_TAB shift-reduce 94     indented_line ::= LINE_INDENTED_TAB
           LINE_INDENTED_SPACE shift-reduce 95     indented_line ::= LINE_INDENTED_SPACE
                    LINE_TABLE shift-reduce 146    header_rows ::= LINE_TABLE
          LINE_TABLE_SEPARATOR shift-reduce 150    row ::= LINE_TABLE_SEPARATOR
                     LINE_HTML shift-reduce 125    html_block ::= LINE_HTML
                    LINE_ATX_1 shift-reduce 3      block ::= LINE_ATX_1
                    LINE_ATX_2 shift-reduce 4      block ::= LINE_ATX_2
                    LINE_ATX_3 shift-reduce 5      block ::= LINE_ATX_3
                    LINE_ATX_4 shift-reduce 6      block ::= LINE_ATX_4
                    LINE_ATX_5 shift-reduce 7      block ::= LINE_ATX_5
                    LINE_ATX_6 shift-reduce 8      block ::= LINE_ATX_6
               LINE_BLOCKQUOTE shift-reduce 99     blockquote ::= LINE_BLOCKQUOTE
            LINE_LIST_BULLETED shift        7      
          LINE_LIST_ENUMERATED shift        6      
         LINE_DEF_ABBREVIATION shift        17     
             LINE_DEF_CITATION shift        4      
             LINE_DEF_FOOTNOTE shift        3      
             LINE_DEF_GLOSSARY shift        2      
                 LINE_DEF_LINK shift        18     
                      LINE_TOC shift-reduce 10     block ::= LINE_TOC
               LINE_DEFINITION shift        5      
                     LINE_META shift-reduce 140    meta_block ::= LINE_META
         LINE_FENCE_BACKTICK_3 shift-reduce 110    fenced_3 ::= LINE_FENCE_BACKTICK_3
         LINE_FENCE_BACKTICK_4 shift-reduce 113    fenced_4 ::= LINE_FENCE_BACKTICK_4
         LINE_FENCE_BACKTICK_5 shift-reduce 116    fenced_5 ::= LINE_FENCE_BACKTICK_5
   LINE_FENCE_BACKTICK_START_3 shift-reduce 111    fenced_3 ::= LINE_FENCE_BACKTICK_START_3
   LINE_FENCE_BACKTICK_START_4 shift-reduce 114    fenced_4 ::= LINE_FENCE_BACKTICK_START_4
   LINE_FENCE_BACKTICK_START_5 shift-reduce 117    fenced_5 ::= LINE_FENCE_BACKTICK_START_5
             LINE_STOP_COMMENT shift-reduce 144    para ::= LINE_STOP_COMMENT
                    LINE_EMPTY shift-reduce 108    empty ::= LINE_EMPTY
            LINE_START_COMMENT shift-reduce 131    html_comment ::= LINE_START_COMMENT
                           doc accept
                        blocks shift        1      
                         block shift-reduce 2      blocks ::= block
                    blockquote shift        37     
              def_abbreviation shift-reduce 12     block ::= def_abbreviation
                  def_citation shift-reduce 13     block ::= def_citation
                  def_footnote shift-reduce 14     block ::= def_footnote
                  def_glossary shift-reduce 15     block ::= def_glossary
                      def_link shift-reduce 16     block ::= def_link
              definition_block shift-reduce 17     block ::= definition_block
                         empty shift        44     
                  fenced_block shift-reduce 19     block ::= fenced_block
                    html_block shift        29     
                html_com_block shift-reduce 21     block ::= html_com_block
                 indented_code shift        31     
                   list_bullet shift        41     
                     list_enum shift        40     
                    meta_block shift        35     
                          para shift        14     
                      setext_1 shift-reduce 27     block ::= setext_1
                      setext_2 shift-reduce 28     block ::= setext_2
                         table shift-reduce 29     block ::= table
                 indented_line shift        31       /* because indented_line==indented_code */
                          defs shift        38     
                           def shift        38       /* because def==defs */
                      fenced_3 shift        27     
                      fenced_4 shift        26     
                      fenced_5 shift        25     
                  html_comment shift        28     
                   item_bullet shift        41       /* because item_bullet==list_bullet */
                     item_enum shift        40       /* because item_enum==list_enum */
                  table_header shift        8      
                   header_rows shift        42     
                      all_rows shift        15     
                           row shift        15       /* because row==all_rows */

State 1:
      (0) doc ::= blocks *
          blocks ::= blocks * block
          block ::= * LINE_ATX_1
          block ::= * LINE_ATX_2
          block ::= * LINE_ATX_3
          block ::= * LINE_ATX_4
          block ::= * LINE_ATX_5
          block ::= * LINE_ATX_6
          block ::= * LINE_HR
          block ::= * LINE_TOC
          block ::= * blockquote
          block ::= * def_abbreviation
          block ::= * def_citation
          block ::= * def_footnote
          block ::= * def_glossary
          block ::= * def_link
          block ::= * definition_block
          block ::= * empty
          block ::= * fenced_block
          block ::= * html_block
          block ::= * html_com_block
          block ::= * indented_code
          block ::= * list_bullet
          block ::= * list_enum
          block ::= * meta_block
          block ::= * para
          block ::= * setext_1
          block ::= * setext_2
          block ::= * table
          indented_line ::= * LINE_INDENTED_TAB
          indented_line ::= * LINE_INDENTED_SPACE
          blockquote ::= * blockquote quote_line
          blockquote ::= * LINE_BLOCKQUOTE
          def_citation ::= * LINE_DEF_CITATION tail
          def_citation ::= * LINE_DEF_CITATION
          def_footnote ::= * LINE_DEF_FOOTNOTE tail
          def_footnote ::= * LINE_DEF_FOOTNOTE
          def_glossary ::= * LINE_DEF_GLOSSARY tail
          def_glossary ::= * LINE_DEF_GLOSSARY
          def_link ::= * LINE_DEF_LINK chunk
          def_link ::= * LINE_DEF_LINK
          def_abbreviation ::= * LINE_DEF_ABBREVIATION chunk
          def_abbreviation ::= * LINE_DEF_ABBREVIATION
          definition_block ::= * para defs
          defs ::= * defs def
          defs ::= * def
          def ::= * LINE_DEFINITION tail
          def ::= * LINE_DEFINITION
          empty ::= * empty LINE_EMPTY
          empty ::= * LINE_EMPTY
          fenced_block ::= * fenced_3 LINE_FENCE_BACKTICK_3
          fenced_block ::= * fenced_3 LINE_FENCE_BACKTICK_4
          fenced_block ::= * fenced_3 LINE_FENCE_BACKTICK_5
          fenced_block ::= * fenced_3
          fenced_3 ::= * fenced_3 fenced_line
          fenced_3 ::= * LINE_FENCE_BACKTICK_3
          fenced_3 ::= * LINE_FENCE_BACKTICK_START_3
          fenced_block ::= * fenced_4 LINE_FENCE_BACKTICK_4
          fenced_block ::= * fenced_4 LINE_FENCE_BACKTICK_5
          fenced_block ::= * fenced_4
          fenced_4 ::= * fenced_4 fenced_line
          fenced_4 ::= * fenced_4 LINE_FENCE_BACKTICK_3
          fenced_4 ::= * fenced_4 LINE_FENCE_BACKTICK_START_3
          fenced_4 ::= * LINE_FENCE_BACKTICK_4
          fenced_4 ::= * LINE_FENCE_BACKTICK_START_4
          fenced_block ::= * fenced_5 LINE_FENCE_BACKTICK_5
          fenced_block ::= * fenced_5
          fenced_5 ::= * fenced_5 fenced_line
          fenced_5 ::= * fenced_5 LINE_FENCE_BACKTICK_3
          fenced_5 ::= * fenced_5 LINE_FENCE_BACKTICK_START_3
          fenced_5 ::= * fenced_5 LINE_FENCE_BACKTICK_4
          fenced_5 ::= * fenced_5 LINE_FENCE_BACKTICK_START_4
          fenced_5 ::= * LINE_FENCE_BACKTICK_5
          fenced_5 ::= * LINE_FENCE_BACKTICK_START_5
          html_block ::= * html_block html_line
          html_block ::= * LINE_HTML
          html_com_block ::= * html_comment LINE_STOP_COMMENT
          html_com_block ::= * html_comment
          html_comment ::= * html_comment comment_line
          html_comment ::= * LINE_START_COMMENT
          indented_code ::= * indented_code indented_line
          indented_code ::= * indented_code LINE_EMPTY
          indented_code ::= * indented_line
          list_bullet ::= * list_bullet item_bullet
          list_bullet ::= * item_bullet
          item_bullet ::= * LINE_LIST_BULLETED ext_chunk
          item_bullet ::= * LINE_LIST_BULLETED chunk
          item_bullet ::= * LINE_LIST_BULLETED nested_chunks
          item_bullet ::= * LINE_LIST_BULLETED
          list_enum ::= * list_enum item_enum
          list_enum ::= * item_enum
          item_enum ::= * LINE_LIST_ENUMERATED ext_chunk
          item_enum ::= * LINE_LIST_ENUMERATED chunk
          item_enum ::= * LINE_LIST_ENUMERATED nested_chunks
          item_enum ::= * LINE_LIST_ENUMERATED
          meta_block ::= * meta_block meta_line
          meta_block ::= * LINE_META
          para ::= * LINE_PLAIN chunk
          para ::= * LINE_PLAIN
          para ::= * LINE_STOP_COMMENT
          setext_1 ::= * para LINE_SETEXT_1
          setext_2 ::= * para LINE_SETEXT_2
          table ::= * table_header table_body
          table ::= * table_header
          table_header ::= * header_rows LINE_TABLE_SEPARATOR
          header_rows ::= * header_rows LINE_TABLE
          header_rows ::= * LINE_TABLE
          all_rows ::= * all_rows row
          all_rows ::= * row
          row ::= * header_rows
          row ::= * LINE_TABLE_SEPARATOR
          para ::= * all_rows
          para ::= * defs

                             $ reduce       0      doc ::= blocks
                       LINE_HR shift-reduce 9      block ::= LINE_HR
                    LINE_PLAIN shift        16     
             LINE_INDENTED_TAB shift-reduce 94     indented_line ::= LINE_INDENTED_TAB
           LINE_INDENTED_SPACE shift-reduce 95     indented_line ::= LINE_INDENTED_SPACE
                    LINE_TABLE shift-reduce 146    header_rows ::= LINE_TABLE
          LINE_TABLE_SEPARATOR shift-reduce 150    row ::= LINE_TABLE_SEPARATOR
                     LINE_HTML shift-reduce 125    html_block ::= LINE_HTML
                    LINE_ATX_1 shift-reduce 3      block ::= LINE_ATX_1
                    LINE_ATX_2 shift-reduce 4      block ::= LINE_ATX_2
                    LINE_ATX_3 shift-reduce 5      block ::= LINE_ATX_3
                    LINE_ATX_4 shift-reduce 6      block ::= LINE_ATX_4
                    LINE_ATX_5 shift-reduce 7      block ::= LINE_ATX_5
                    LINE_ATX_6 shift-reduce 8      block ::= LINE_ATX_6
               LINE_BLOCKQUOTE shift-reduce 99     blockquote ::= LINE_BLOCKQUOTE
            LINE_LIST_BULLETED shift        7      
          LINE_LIST_ENUMERATED shift        6      
         LINE_DEF_ABBREVIATION shift        17     
             LINE_DEF_CITATION shift        4      
             LINE_DEF_FOOTNOTE shift        3      
             LINE_DEF_GLOSSARY shift        2      
                 LINE_DEF_LINK shift        18     
                      LINE_TOC shift-reduce 10     block ::= LINE_TOC
               LINE_DEFINITION shift        5      
                     LINE_META shift-reduce 140    meta_block ::= LINE_META
         LINE_FENCE_BACKTICK_3 shift-reduce 110    fenced_3 ::= LINE_FENCE_BACKTICK_3
         LINE_FENCE_BACKTICK_4 shift-reduce 113    fenced_4 ::= LINE_FENCE_BACKTICK_4
         LINE_FENCE_BACKTICK_5 shift-reduce 116    fenced_5 ::= LINE_FENCE_BACKTICK_5
   LINE_FENCE_BACKTICK_START_3 shift-reduce 111    fenced_3 ::= LINE_FENCE_BACKTICK_START_3
   LINE_FENCE_BACKTICK_START_4 shift-reduce 114    fenced_4 ::= LINE_FENCE_BACKTICK_START_4
   LINE_FENCE_BACKTICK_START_5 shift-reduce 117    fenced_5 ::= LINE_FENCE_BACKTICK_START_5
             LINE_STOP_COMMENT shift-reduce 144    para ::= LINE_STOP_COMMENT
                    LINE_EMPTY shift-reduce 108    empty ::= LINE_EMPTY
            LINE_START_COMMENT shift-reduce 131    html_comment ::= LINE_START_COMMENT
                         block shift-reduce 1      blocks ::= blocks block
                    blockquote shift        37     
              def_abbreviation shift-reduce 12     block ::= def_abbreviation
                  def_citation shift-reduce 13     block ::= def_citation
                  def_footnote shift-reduce 14     block ::= def_footnote
                  def_glossary shift-reduce 15     block ::= def_glossary
                      def_link shift-reduce 16     block ::= def_link
              definition_block shift-reduce 17     block ::= definition_block
                         empty shift        44     
                  fenced_block shift-reduce 19     block ::= fenced_block
                    html_block shift        29     
                html_com_block shift-reduce 21     block ::= html_com_block
                 indented_code shift        31     
                   list_bullet shift        41     
                     list_enum shift        40     
                    meta_block shift        35     
                          para shift        14     
                      setext_1 shift-reduce 27     block ::= setext_1
                      setext_2 shift-reduce 28     block ::= setext_2
                         table shift-reduce 29     block ::= table
                 indented_line shift        31       /* because indented_line==indented_code */
                          defs shift        38     
                           def shift        38       /* because def==defs */
                      fenced_3 shift        27     
                      fenced_4 shift        26     
                      fenced_5 shift        25     
                  html_comment shift        28     
                   item_bullet shift        41       /* because item_bullet==list_bullet */
                     item_enum shift        40       /* because item_enum==list_enum */
                  table_header shift        8      
                   header_rows shift        42     
                      all_rows shift        15     
                           row shift        15       /* because row==all_rows */

State 2:
          chunk ::= * chunk chunk_line
          chunk ::= * chunk_line
          chunk_line ::= * LINE_CONTINUATION
          chunk_line ::= * LINE_STOP_COMMENT
          nested_chunks ::= * nested_chunks nested_chunk
          nested_chunks ::= * nested_chunk
          nested_chunk ::= * empty indented_line chunk
          nested_chunk ::= * empty indented_line
          nested_chunk ::= * empty
          opt_ext_chunk ::= * chunk nested_chunks
          opt_ext_chunk ::= * chunk
          tail ::= * opt_ext_chunk
          tail ::= * nested_chunks
          def_glossary ::= LINE_DEF_GLOSSARY * tail
    (104) def_glossary ::= LINE_DEF_GLOSSARY *
          empty ::= * empty LINE_EMPTY
          empty ::= * LINE_EMPTY

             LINE_CONTINUATION shift-reduce 90     chunk_line ::= LINE_CONTINUATION
             LINE_STOP_COMMENT shift-reduce 91     chunk_line ::= LINE_STOP_COMMENT
             LINE_STOP_COMMENT reduce       104     ** Parsing conflict **
                    LINE_EMPTY shift-reduce 108    empty ::= LINE_EMPTY
                    LINE_EMPTY reduce       104     ** Parsing conflict **
                         empty shift        30     
                         chunk shift        9      
                    chunk_line shift        9        /* because chunk_line==chunk */
                 nested_chunks shift        20     
                  nested_chunk shift        20       /* because nested_chunk==nested_chunks */
                 opt_ext_chunk shift-reduce 39     def_glossary ::= LINE_DEF_GLOSSARY tail  /* because opt_ext_chunk==tail */
                          tail shift-reduce 39     def_glossary ::= LINE_DEF_GLOSSARY tail
                     {default} reduce       104    def_glossary ::= LINE_DEF_GLOSSARY

State 3:
          chunk ::= * chunk chunk_line
          chunk ::= * chunk_line
          chunk_line ::= * LINE_CONTINUATION
          chunk_line ::= * LINE_STOP_COMMENT
          nested_chunks ::= * nested_chunks nested_chunk
          nested_chunks ::= * nested_chunk
          nested_chunk ::= * empty indented_line chunk
          nested_chunk ::= * empty indented_line
          nested_chunk ::= * empty
          opt_ext_chunk ::= * chunk nested_chunks
          opt_ext_chunk ::= * chunk
          tail ::= * opt_ext_chunk
          tail ::= * nested_chunks
          def_footnote ::= LINE_DEF_FOOTNOTE * tail
    (103) def_footnote ::= LINE_DEF_FOOTNOTE *
          empty ::= * empty LINE_EMPTY
          empty ::= * LINE_EMPTY

             LINE_CONTINUATION shift-reduce 90     chunk_line ::= LINE_CONTINUATION
             LINE_STOP_COMMENT shift-reduce 91     chunk_line ::= LINE_STOP_COMMENT
             LINE_STOP_COMMENT reduce       103     ** Parsing conflict **
                    LINE_EMPTY shift-reduce 108    empty ::= LINE_EMPTY
                    LINE_EMPTY reduce       103     ** Parsing conflict **
                         empty shift        30     
                         chunk shift        9      
                    chunk_line shift        9        /* because chunk_line==chunk */
                 nested_chunks shift        20     
                  nested_chunk shift        20       /* because nested_chunk==nested_chunks */
                 opt_ext_chunk shift-reduce 38     def_footnote ::= LINE_DEF_FOOTNOTE tail  /* because opt_ext_chunk==tail */
                          tail shift-reduce 38     def_footnote ::= LINE_DEF_FOOTNOTE tail
                     {default} reduce       103    def_footnote ::= LINE_DEF_FOOTNOTE

State 4:
          chunk ::= * chunk chunk_line
          chunk ::= * chunk_line
          chunk_line ::= * LINE_CONTINUATION
          chunk_line ::= * LINE_STOP_COMMENT
          nested_chunks ::= * nested_chunks nested_chunk
          nested_chunks ::= * nested_chunk
          nested_chunk ::= * empty indented_line chunk
          nested_chunk ::= * empty indented_line
          nested_chunk ::= * empty
          opt_ext_chunk ::= * chunk nested_chunks
          opt_ext_chunk ::= * chunk
          tail ::= * opt_ext_chunk
          tail ::= * nested_chunks
          def_citation ::= LINE_DEF_CITATION * tail
    (102) def_citation ::= LINE_DEF_CITATION *
          empty ::= * empty LINE_EMPTY
          empty ::= * LINE_EMPTY

             LINE_CONTINUATION shift-reduce 90     chunk_line ::= LINE_CONTINUATION
             LINE_STOP_COMMENT shift-reduce 91     chunk_line ::= LINE_STOP_COMMENT
             LINE_STOP_COMMENT reduce       102     ** Parsing conflict **
                    LINE_EMPTY shift-reduce 108    empty ::= LINE_EMPTY
                    LINE_EMPTY reduce       102     ** Parsing conflict **
                         empty shift        30     
                         chunk shift        9      
                    chunk_line shift        9        /* because chunk_line==chunk */
                 nested_chunks shift        20     
                  nested_chunk shift        20       /* because nested_chunk==nested_chunks */
                 opt_ext_chunk shift-reduce 37     def_citation ::= LINE_DEF_CITATION tail  /* because opt_ext_chunk==tail */
                          tail shift-reduce 37     def_citation ::= LINE_DEF_CITATION tail
                     {default} reduce       102    def_citation ::= LINE_DEF_CITATION

State 5:
          chunk ::= * chunk chunk_line
          chunk ::= * chunk_line
          chunk_line ::= * LINE_CONTINUATION
          chunk_line ::= * LINE_STOP_COMMENT
          nested_chunks ::= * nested_chunks nested_chunk
          nested_chunks ::= * nested_chunk
          nested_chunk ::= * empty indented_line chunk
          nested_chunk ::= * empty indented_line
          nested_chunk ::= * empty
          opt_ext_chunk ::= * chunk nested_chunks
          opt_ext_chunk ::= * chunk
          tail ::= * opt_ext_chunk
          tail ::= * nested_chunks
          def ::= LINE_DEFINITION * tail
     (45) def ::= LINE_DEFINITION *
          empty ::= * empty LINE_EMPTY
          empty ::= * LINE_EMPTY

             LINE_CONTINUATION shift-reduce 90     chunk_line ::= LINE_CONTINUATION
             LINE_STOP_COMMENT shift-reduce 91     chunk_line ::= LINE_STOP_COMMENT
             LINE_STOP_COMMENT reduce       45      ** Parsing conflict **
                    LINE_EMPTY shift-reduce 108    empty ::= LINE_EMPTY
                    LINE_EMPTY reduce       45      ** Parsing conflict **
                         empty shift        30     
                         chunk shift        9      
                    chunk_line shift        9        /* because chunk_line==chunk */
                 nested_chunks shift        20     
                  nested_chunk shift        20       /* because nested_chunk==nested_chunks */
                 opt_ext_chunk shift-reduce 44     def ::= LINE_DEFINITION tail  /* because opt_ext_chunk==tail */
                          tail shift-reduce 44     def ::= LINE_DEFINITION tail
                     {default} reduce       45     def ::= LINE_DEFINITION

State 6:
          chunk ::= * chunk chunk_line
          chunk ::= * chunk_line
          chunk_line ::= * LINE_CONTINUATION
          chunk_line ::= * LINE_STOP_COMMENT
          nested_chunks ::= * nested_chunks nested_chunk
          nested_chunks ::= * nested_chunk
          nested_chunk ::= * empty indented_line chunk
          nested_chunk ::= * empty indented_line
          nested_chunk ::= * empty
          ext_chunk ::= * chunk nested_chunks
          empty ::= * empty LINE_EMPTY
          empty ::= * LINE_EMPTY
          item_enum ::= LINE_LIST_ENUMERATED * ext_chunk
          item_enum ::= LINE_LIST_ENUMERATED * chunk
          item_enum ::= LINE_LIST_ENUMERATED * nested_chunks
     (76) item_enum ::= LINE_LIST_ENUMERATED *

             LINE_CONTINUATION shift-reduce 90     chunk_line ::= LINE_CONTINUATION
             LINE_STOP_COMMENT shift-reduce 91     chunk_line ::= LINE_STOP_COMMENT
             LINE_STOP_COMMENT reduce       76      ** Parsing conflict **
                    LINE_EMPTY shift-reduce 108    empty ::= LINE_EMPTY
                    LINE_EMPTY reduce       76      ** Parsing conflict **
                         empty shift        30     
                         chunk shift        10     
                    chunk_line shift        10       /* because chunk_line==chunk */
                 nested_chunks shift        22     
                  nested_chunk shift        22       /* because nested_chunk==nested_chunks */
                     ext_chunk shift-reduce 73     item_enum ::= LINE_LIST_ENUMERATED ext_chunk
                     {default} reduce       76     item_enum ::= LINE_LIST_ENUMERATED

State 7:
          chunk ::= * chunk chunk_line
          chunk ::= * chunk_line
          chunk_line ::= * LINE_CONTINUATION
          chunk_line ::= * LINE_STOP_COMMENT
          nested_chunks ::= * nested_chunks nested_chunk
          nested_chunks ::= * nested_chunk
          nested_chunk ::= * empty indented_line chunk
          nested_chunk ::= * empty indented_line
          nested_chunk ::= * empty
          ext_chunk ::= * chunk nested_chunks
          empty ::= * empty LINE_EMPTY
          empty ::= * LINE_EMPTY
          item_bullet ::= LINE_LIST_BULLETED * ext_chunk
          item_bullet ::= LINE_LIST_BULLETED * chunk
          item_bullet ::= LINE_LIST_BULLETED * nested_chunks
     (71) item_bullet ::= LINE_LIST_BULLETED *

             LINE_CONTINUATION shift-reduce 90     chunk_line ::= LINE_CONTINUATION
             LINE_STOP_COMMENT shift-reduce 91     chunk_line ::= LINE_STOP_COMMENT
             LINE_STOP_COMMENT reduce       71      ** Parsing conflict **
                    LINE_EMPTY shift-reduce 108    empty ::= LINE_EMPTY
                    LINE_EMPTY reduce       71      ** Parsing conflict **
                         empty shift        30     
                         chunk shift        11     
                    chunk_line shift        11       /* because chunk_line==chunk */
                 nested_chunks shift        23     
                  nested_chunk shift        23       /* because nested_chunk==nested_chunks */
                     ext_chunk shift-reduce 68     item_bullet ::= LINE_LIST_BULLETED ext_chunk
                     {default} reduce       71     item_bullet ::= LINE_LIST_BULLETED

State 8:
          table ::= table_header * table_body
    (145) table ::= table_header *
          header_rows ::= * header_rows LINE_TABLE
          header_rows ::= * LINE_TABLE
          table_body ::= * table_body table_section
          table_body ::= * table_section
          table_section ::= * all_rows LINE_EMPTY
          table_section ::= * all_rows
          all_rows ::= * all_rows row
          all_rows ::= * row
          row ::= * header_rows
          row ::= * LINE_TABLE_SEPARATOR

                    LINE_TABLE shift-reduce 146    header_rows ::= LINE_TABLE
                    LINE_TABLE reduce       145     ** Parsing conflict **
          LINE_TABLE_SEPARATOR shift-reduce 150    row ::= LINE_TABLE_SEPARATOR
          LINE_TABLE_SEPARATOR reduce       145     ** Parsing conflict **
                    table_body shift        12     
                   header_rows shift        43     
                 table_section shift        12       /* because table_section==table_body */
                      all_rows shift        13     
                           row shift        13       /* because row==all_rows */
                     {default} reduce       145    table ::= table_header

State 9:
          chunk ::= chunk * chunk_line
          chunk_line ::= * LINE_CONTINUATION
          chunk_line ::= * LINE_STOP_COMMENT
          nested_chunks ::= * nested_chunks nested_chunk
          nested_chunks ::= * nested_chunk
          nested_chunk ::= * empty indented_line chunk
          nested_chunk ::= * empty indented_line
          nested_chunk ::= * empty
          opt_ext_chunk ::= chunk * nested_chunks
     (96) opt_ext_chunk ::= chunk *
          empty ::= * empty LINE_EMPTY
          empty ::= * LINE_EMPTY

             LINE_CONTINUATION shift-reduce 90     chunk_line ::= LINE_CONTINUATION
             LINE_STOP_COMMENT shift-reduce 91     chunk_line ::= LINE_STOP_COMMENT
             LINE_STOP_COMMENT reduce       96      ** Parsing conflict **
                    LINE_EMPTY shift-reduce 108    empty ::= LINE_EMPTY
                    LINE_EMPTY reduce       96      ** Parsing conflict **
                         empty shift        30     
                    chunk_line shift-reduce 30     chunk ::= chunk chunk_line
                 nested_chunks shift        21     
                  nested_chunk shift        21       /* because nested_chunk==nested_chunks */
                     {default} reduce       96     opt_ext_chunk ::= chunk

State 10:
          chunk ::= chunk * chunk_line
          chunk_line ::= * LINE_CONTINUATION
          chunk_line ::= * LINE_STOP_COMMENT
          nested_chunks ::= * nested_chunks nested_chunk
          nested_chunks ::= * nested_chunk
          nested_chunk ::= * empty indented_line chunk
          nested_chunk ::= * empty indented_line
          nested_chunk ::= * empty
          ext_chunk ::= chunk * nested_chunks
          empty ::= * empty LINE_EMPTY
          empty ::= * LINE_EMPTY
     (74) item_enum ::= LINE_LIST_ENUMERATED chunk *

             LINE_CONTINUATION shift-reduce 90     chunk_line ::= LINE_CONTINUATION
             LINE_STOP_COMMENT shift-reduce 91     chunk_line ::= LINE_STOP_COMMENT
             LINE_STOP_COMMENT reduce       74      ** Parsing conflict **
                    LINE_EMPTY shift-reduce 108    empty ::= LINE_EMPTY
                    LINE_EMPTY reduce       74      ** Parsing conflict **
                         empty shift        30     
                    chunk_line shift-reduce 30     chunk ::= chunk chunk_line
                 nested_chunks shift        24     
                  nested_chunk shift        24       /* because nested_chunk==nested_chunks */
                     {default} reduce       74     item_enum ::= LINE_LIST_ENUMERATED chunk

State 11:
          chunk ::= chunk * chunk_line
          chunk_line ::= * LINE_CONTINUATION
          chunk_line ::= * LINE_STOP_COMMENT
          nested_chunks ::= * nested_chunks nested_chunk
          nested_chunks ::= * nested_chunk
          nested_chunk ::= * empty indented_line chunk
          nested_chunk ::= * empty indented_line
          nested_chunk ::= * empty
          ext_chunk ::= chunk * nested_chunks
          empty ::= * empty LINE_EMPTY
          empty ::= * LINE_EMPTY
     (69) item_bullet ::= LINE_LIST_BULLETED chunk *

             LINE_CONTINUATION shift-reduce 90     chunk_line ::= LINE_CONTINUATION
             LINE_STOP_COMMENT shift-reduce 91     chunk_line ::= LINE_STOP_COMMENT
             LINE_STOP_COMMENT reduce       69      ** Parsing conflict **
                    LINE_EMPTY shift-reduce 108    empty ::= LINE_EMPTY
                    LINE_EMPTY reduce       69      ** Parsing conflict **
                         empty shift        30     
                    chunk_line shift-reduce 30     chunk ::= chunk chunk_line
                 nested_chunks shift        24     
                  nested_chunk shift        24       /* because nested_chunk==nested_chunks */
                     {default} reduce       69     item_bullet ::= LINE_LIST_BULLETED chunk

State 12:
     (81) table ::= table_header table_body *
          header_rows ::= * header_rows LINE_TABLE
          header_rows ::= * LINE_TABLE
          table_body ::= table_body * table_section
          table_section ::= * all_rows LINE_EMPTY
          table_section ::= * all_rows
          all_rows ::= * all_rows row
          all_rows ::= * row
          row ::= * header_rows
          row ::= * LINE_TABLE_SEPARATOR

                    LINE_TABLE shift-reduce 146    header_rows ::= LINE_TABLE
                    LINE_TABLE reduce       81      ** Parsing conflict **
          LINE_TABLE_SEPARATOR shift-reduce 150    row ::= LINE_TABLE_SEPARATOR
          LINE_TABLE_SEPARATOR reduce       81      ** Parsing conflict **
                   header_rows shift        43     
                 table_section shift-reduce 84     table_body ::= table_body table_section
                      all_rows shift        13     
                           row shift        13       /* because row==all_rows */
                     {default} reduce       81     table ::= table_header table_body

State 13:
          header_rows ::= * header_rows LINE_TABLE
          header_rows ::= * LINE_TABLE
          table_section ::= all_rows * LINE_EMPTY
     (86) table_section ::= all_rows *
          all_rows ::= all_rows * row
          row ::= * header_rows
          row ::= * LINE_TABLE_SEPARATOR

                    LINE_TABLE shift-reduce 146    header_rows ::= LINE_TABLE
                    LINE_TABLE reduce       86      ** Parsing conflict **
          LINE_TABLE_SEPARATOR shift-reduce 150    row ::= LINE_TABLE_SEPARATOR
          LINE_TABLE_SEPARATOR reduce       86      ** Parsing conflict **
                    LINE_EMPTY shift-reduce 85     table_section ::= all_rows LINE_EMPTY
                    LINE_EMPTY reduce       86      ** Parsing conflict **
                   header_rows shift        43     
                           row shift-reduce 87     all_rows ::= all_rows row
                     {default} reduce       86     table_section ::= all_rows

State 14:
     (26) block ::= para *
          definition_block ::= para * defs
          defs ::= * defs def
          defs ::= * def
          def ::= * LINE_DEFINITION tail
          def ::= * LINE_DEFINITION
          setext_1 ::= para * LINE_SETEXT_1
          setext_2 ::= para * LINE_SETEXT_2

                 LINE_SETEXT_1 shift-reduce 79     setext_1 ::= para LINE_SETEXT_1
                 LINE_SETEXT_2 shift-reduce 80     setext_2 ::= para LINE_SETEXT_2
               LINE_DEFINITION shift        5      
               LINE_DEFINITION reduce       26      ** Parsing conflict **
                          defs shift        39     
                           def shift        39       /* because def==defs */
                     {default} reduce       26     block ::= para

State 15:
          header_rows ::= * header_rows LINE_TABLE
          header_rows ::= * LINE_TABLE
          all_rows ::= all_rows * row
          row ::= * header_rows
          row ::= * LINE_TABLE_SEPARATOR
     (88) para ::= all_rows *

                    LINE_TABLE shift-reduce 146    header_rows ::= LINE_TABLE
                    LINE_TABLE reduce       88      ** Parsing conflict **
          LINE_TABLE_SEPARATOR shift-reduce 150    row ::= LINE_TABLE_SEPARATOR
          LINE_TABLE_SEPARATOR reduce       88      ** Parsing conflict **
                   header_rows shift        43     
                           row shift-reduce 87     all_rows ::= all_rows row
                     {default} reduce       88     para ::= all_rows

State 16:
          chunk ::= * chunk chunk_line
          chunk ::= * chunk_line
          chunk_line ::= * LINE_CONTINUATION
          chunk_line ::= * LINE_STOP_COMMENT
          para ::= LINE_PLAIN * chunk
    (143) para ::= LINE_PLAIN *

             LINE_CONTINUATION shift-reduce 90     chunk_line ::= LINE_CONTINUATION
             LINE_STOP_COMMENT shift-reduce 91     chunk_line ::= LINE_STOP_COMMENT
             LINE_STOP_COMMENT reduce       143     ** Parsing conflict **
                         chunk shift        32     
                    chunk_line shift        32       /* because chunk_line==chunk */
                     {default} reduce       143    para ::= LINE_PLAIN

State 17:
          chunk ::= * chunk chunk_line
          chunk ::= * chunk_line
          chunk_line ::= * LINE_CONTINUATION
          chunk_line ::= * LINE_STOP_COMMENT
          def_abbreviation ::= LINE_DEF_ABBREVIATION * chunk
    (106) def_abbreviation ::= LINE_DEF_ABBREVIATION *

             LINE_CONTINUATION shift-reduce 90     chunk_line ::= LINE_CONTINUATION
             LINE_STOP_COMMENT shift-reduce 91     chunk_line ::= LINE_STOP_COMMENT
             LINE_STOP_COMMENT reduce       106     ** Parsing conflict **
                         chunk shift        33     
                    chunk_line shift        33       /* because chunk_line==chunk */
                     {default} reduce       106    def_abbreviation ::= LINE_DEF_ABBREVIATION

State 18:
          chunk ::= * chunk chunk_line
          chunk ::= * chunk_line
          chunk_line ::= * LINE_CONTINUATION
          chunk_line ::= * LINE_STOP_COMMENT
          def_link ::= LINE_DEF_LINK * chunk
    (105) def_link ::= LINE_DEF_LINK *

             LINE_CONTINUATION shift-reduce 90     chunk_line ::= LINE_CONTINUATION
             LINE_STOP_COMMENT shift-reduce 91     chunk_line ::= LINE_STOP_COMMENT
             LINE_STOP_COMMENT reduce       105     ** Parsing conflict **
                         chunk shift        34     
                    chunk_line shift        34       /* because chunk_line==chunk */
                     {default} reduce       105    def_link ::= LINE_DEF_LINK

State 19:
          chunk ::= * chunk chunk_line
          chunk ::= * chunk_line
          chunk_line ::= * LINE_CONTINUATION
          chunk_line ::= * LINE_STOP_COMMENT
          nested_chunk ::= empty indented_line * chunk
     (33) nested_chunk ::= empty indented_line *

             LINE_CONTINUATION shift-reduce 90     chunk_line ::= LINE_CONTINUATION
             LINE_STOP_COMMENT shift-reduce 91     chunk_line ::= LINE_STOP_COMMENT
             LINE_STOP_COMMENT reduce       33      ** Parsing conflict **
                         chunk shift        36     
                    chunk_line shift        36       /* because chunk_line==chunk */
                     {default} reduce       33     nested_chunk ::= empty indented_line

State 20:
          nested_chunks ::= nested_chunks * nested_chunk
          nested_chunk ::= * empty indented_line chunk
          nested_chunk ::= * empty indented_line
          nested_chunk ::= * empty
     (98) tail ::= nested_chunks *
          empty ::= * empty LINE_EMPTY
          empty ::= * LINE_EMPTY

                    LINE_EMPTY shift-reduce 108    empty ::= LINE_EMPTY
                    LINE_EMPTY reduce       98      ** Parsing conflict **
                         empty shift        30     
                  nested_chunk shift-reduce 31     nested_chunks ::= nested_chunks nested_chunk
                     {default} reduce       98     tail ::= nested_chunks

State 21:
          nested_chunks ::= nested_chunks * nested_chunk
          nested_chunk ::= * empty indented_line chunk
          nested_chunk ::= * empty indented_line
          nested_chunk ::= * empty
     (35) opt_ext_chunk ::= chunk nested_chunks *
          empty ::= * empty LINE_EMPTY
          empty ::= * LINE_EMPTY

                    LINE_EMPTY shift-reduce 108    empty ::= LINE_EMPTY
                    LINE_EMPTY reduce       35      ** Parsing conflict **
                         empty shift        30     
                  nested_chunk shift-reduce 31     nested_chunks ::= nested_chunks nested_chunk
                     {default} reduce       35     opt_ext_chunk ::= chunk nested_chunks

State 22:
          nested_chunks ::= nested_chunks * nested_chunk
          nested_chunk ::= * empty indented_line chunk
          nested_chunk ::= * empty indented_line
          nested_chunk ::= * empty
          empty ::= * empty LINE_EMPTY
          empty ::= * LINE_EMPTY
     (75) item_enum ::= LINE_LIST_ENUMERATED nested_chunks *

                    LINE_EMPTY shift-reduce 108    empty ::= LINE_EMPTY
                    LINE_EMPTY reduce       75      ** Parsing conflict **
                         empty shift        30     
                  nested_chunk shift-reduce 31     nested_chunks ::= nested_chunks nested_chunk
                     {default} reduce       75     item_enum ::= LINE_LIST_ENUMERATED nested_chunks

State 23:
          nested_chunks ::= nested_chunks * nested_chunk
          nested_chunk ::= * empty indented_line chunk
          nested_chunk ::= * empty indented_line
          nested_chunk ::= * empty
          empty ::= * empty LINE_EMPTY
          empty ::= * LINE_EMPTY
     (70) item_bullet ::= LINE_LIST_BULLETED nested_chunks *

                    LINE_EMPTY shift-reduce 108    empty ::= LINE_EMPTY
                    LINE_EMPTY reduce       70      ** Parsing conflict **
                         empty shift        30     
                  nested_chunk shift-reduce 31     nested_chunks ::= nested_chunks nested_chunk
                     {default} reduce       70     item_bullet ::= LINE_LIST_BULLETED nested_chunks

State 24:
          nested_chunks ::= nested_chunks * nested_chunk
          nested_chunk ::= * empty indented_line chunk
          nested_chunk ::= * empty indented_line
          nested_chunk ::= * empty
     (34) ext_chunk ::= chunk nested_chunks *
          empty ::= * empty LINE_EMPTY
          empty ::= * LINE_EMPTY

                    LINE_EMPTY shift-reduce 108    empty ::= LINE_EMPTY
                    LINE_EMPTY reduce       34      ** Parsing conflict **
                         empty shift        30     
                  nested_chunk shift-reduce 31     nested_chunks ::= nested_chunks nested_chunk
                     {default} reduce       34     ext_chunk ::= chunk nested_chunks

State 25:
          fenced_block ::= fenced_5 * LINE_FENCE_BACKTICK_5
    (115) fenced_block ::= fenced_5 *
          fenced_5 ::= fenced_5 * fenced_line
          fenced_5 ::= fenced_5 * LINE_FENCE_BACKTICK_3
          fenced_5 ::= fenced_5 * LINE_FENCE_BACKTICK_START_3
          fenced_5 ::= fenced_5 * LINE_FENCE_BACKTICK_4
          fenced_5 ::= fenced_5 * LINE_FENCE_BACKTICK_START_4
          fenced_line ::= * LINE_CONTINUATION
          fenced_line ::= * LINE_EMPTY
          fenced_line ::= * LINE_FALLBACK
          fenced_line ::= * LINE_HR
          fenced_line ::= * LINE_HTML
          fenced_line ::= * LINE_START_COMMENT
          fenced_line ::= * LINE_STOP_COMMENT

                       LINE_HR shift-reduce 121    fenced_line ::= LINE_HR
                       LINE_HR reduce       115     ** Parsing conflict **
             LINE_CONTINUATION shift-reduce 118    fenced_line ::= LINE_CONTINUATION
                 LINE_FALLBACK shift-reduce 120    fenced_line ::= LINE_FALLBACK
                     LINE_HTML shift-reduce 122    fenced_line ::= LINE_HTML
                     LINE_HTML reduce       115     ** Parsing conflict **
         LINE_FENCE_BACKTICK_3 shift-reduce 58     fenced_5 ::= fenced_5 LINE_FENCE_BACKTICK_3
         LINE_FENCE_BACKTICK_3 reduce       115     ** Parsing conflict **
         LINE_FENCE_BACKTICK_4 shift-reduce 60     fenced_5 ::= fenced_5 LINE_FENCE_BACKTICK_4
         LINE_FENCE_BACKTICK_4 reduce       115     ** Parsing conflict **
         LINE_FENCE_BACKTICK_5 shift-reduce 56     fenced_block ::= fenced_5 LINE_FENCE_BACKTICK_5
         LINE_FENCE_BACKTICK_5 reduce       115     ** Parsing conflict **
   LINE_FENCE_BACKTICK_START_3 shift-reduce 59     fenced_5 ::= fenced_5 LINE_FENCE_BACKTICK_START_3
   LINE_FENCE_BACKTICK_START_3 reduce       115     ** Parsing conflict **
   LINE_FENCE_BACKTICK_START_4 shift-reduce 61     fenced_5 ::= fenced_5 LINE_FENCE_BACKTICK_START_4
   LINE_FENCE_BACKTICK_START_4 reduce       115     ** Parsing conflict **
             LINE_STOP_COMMENT shift-reduce 124    fenced_line ::= LINE_STOP_COMMENT
             LINE_STOP_COMMENT reduce       115     ** Parsing conflict **
                    LINE_EMPTY shift-reduce 119    fenced_line ::= LINE_EMPTY
                    LINE_EMPTY reduce       115     ** Parsing conflict **
            LINE_START_COMMENT shift-reduce 123    fenced_line ::= LINE_START_COMMENT
            LINE_START_COMMENT reduce       115     ** Parsing conflict **
                   fenced_line shift-reduce 57     fenced_5 ::= fenced_5 fenced_line
                     {default} reduce       115    fenced_block ::= fenced_5

State 26:
          fenced_block ::= fenced_4 * LINE_FENCE_BACKTICK_4
          fenced_block ::= fenced_4 * LINE_FENCE_BACKTICK_5
    (112) fenced_block ::= fenced_4 *
          fenced_4 ::= fenced_4 * fenced_line
          fenced_4 ::= fenced_4 * LINE_FENCE_BACKTICK_3
          fenced_4 ::= fenced_4 * LINE_FENCE_BACKTICK_START_3
          fenced_line ::= * LINE_CONTINUATION
          fenced_line ::= * LINE_EMPTY
          fenced_line ::= * LINE_FALLBACK
          fenced_line ::= * LINE_HR
          fenced_line ::= * LINE_HTML
          fenced_line ::= * LINE_START_COMMENT
          fenced_line ::= * LINE_STOP_COMMENT

                       LINE_HR shift-reduce 121    fenced_line ::= LINE_HR
                       LINE_HR reduce       112     ** Parsing conflict **
             LINE_CONTINUATION shift-reduce 118    fenced_line ::= LINE_CONTINUATION
                 LINE_FALLBACK shift-reduce 120    fenced_line ::= LINE_FALLBACK
                     LINE_HTML shift-reduce 122    fenced_line ::= LINE_HTML
                     LINE_HTML reduce       112     ** Parsing conflict **
         LINE_FENCE_BACKTICK_3 shift-reduce 54     fenced_4 ::= fenced_4 LINE_FENCE_BACKTICK_3
         LINE_FENCE_BACKTICK_3 reduce       112     ** Parsing conflict **
         LINE_FENCE_BACKTICK_4 shift-reduce 51     fenced_block ::= fenced_4 LINE_FENCE_BACKTICK_4
         LINE_FENCE_BACKTICK_4 reduce       112     ** Parsing conflict **
         LINE_FENCE_BACKTICK_5 shift-reduce 52     fenced_block ::= fenced_4 LINE_FENCE_BACKTICK_5
         LINE_FENCE_BACKTICK_5 reduce       112     ** Parsing conflict **
   LINE_FENCE_BACKTICK_START_3 shift-reduce 55     fenced_4 ::= fenced_4 LINE_FENCE_BACKTICK_START_3
   LINE_FENCE_BACKTICK_START_3 reduce       112     ** Parsing conflict **
             LINE_STOP_COMMENT shift-reduce 124    fenced_line ::= LINE_STOP_COMMENT
             LINE_STOP_COMMENT reduce       112     ** Parsing conflict **
                    LINE_EMPTY shift-reduce 119    fenced_line ::= LINE_EMPTY
                    LINE_EMPTY reduce       112     ** Parsing conflict **
            LINE_START_COMMENT shift-reduce 123    fenced_line ::= LINE_START_COMMENT
            LINE_START_COMMENT reduce       112     ** Parsing conflict **
                   fenced_line shift-reduce 53     fenced_4 ::= fenced_4 fenced_line
                     {default} reduce       112    fenced_block ::= fenced_4

State 27:
          fenced_block ::= fenced_3 * LINE_FENCE_BACKTICK_3
          fenced_block ::= fenced_3 * LINE_FENCE_BACKTICK_4
          fenced_block ::= fenced_3 * LINE_FENCE_BACKTICK_5
    (109) fenced_block ::= fenced_3 *
          fenced_3 ::= fenced_3 * fenced_line
          fenced_line ::= * LINE_CONTINUATION
          fenced_line ::= * LINE_EMPTY
          fenced_line ::= * LINE_FALLBACK
          fenced_line ::= * LINE_HR
          fenced_line ::= * LINE_HTML
          fenced_line ::= * LINE_START_COMMENT
          fenced_line ::= * LINE_STOP_COMMENT

                       LINE_HR shift-reduce 121    fenced_line ::= LINE_HR
                       LINE_HR reduce       109     ** Parsing conflict **
             LINE_CONTINUATION shift-reduce 118    fenced_line ::= LINE_CONTINUATION
                 LINE_FALLBACK shift-reduce 120    fenced_line ::= LINE_FALLBACK
                     LINE_HTML shift-reduce 122    fenced_line ::= LINE_HTML
                     LINE_HTML reduce       109     ** Parsing conflict **
         LINE_FENCE_BACKTICK_3 shift-reduce 47     fenced_block ::= fenced_3 LINE_FENCE_BACKTICK_3
         LINE_FENCE_BACKTICK_3 reduce       109     ** Parsing conflict **
         LINE_FENCE_BACKTICK_4 shift-reduce 48     fenced_block ::= fenced_3 LINE_FENCE_BACKTICK_4
         LINE_FENCE_BACKTICK_4 reduce       109     ** Parsing conflict **
         LINE_FENCE_BACKTICK_5 shift-reduce 49     fenced_block ::= fenced_3 LINE_FENCE_BACKTICK_5
         LINE_FENCE_BACKTICK_5 reduce       109     ** Parsing conflict **
             LINE_STOP_COMMENT shift-reduce 124    fenced_line ::= LINE_STOP_COMMENT
             LINE_STOP_COMMENT reduce       109     ** Parsing conflict **
                    LINE_EMPTY shift-reduce 119    fenced_line ::= LINE_EMPTY
                    LINE_EMPTY reduce       109     ** Parsing conflict **
            LINE_START_COMMENT shift-reduce 123    fenced_line ::= LINE_START_COMMENT
            LINE_START_COMMENT reduce       109     ** Parsing conflict **
                   fenced_line shift-reduce 50     fenced_3 ::= fenced_3 fenced_line
                     {default} reduce       109    fenced_block ::= fenced_3

State 28:
          html_com_block ::= html_comment * LINE_STOP_COMMENT
    (130) html_com_block ::= html_comment *
          html_comment ::= html_comment * comment_line
          comment_line ::= * LINE_CONTINUATION
          comment_line ::= * LINE_EMPTY
          comment_line ::= * LINE_FALLBACK
          comment_line ::= * LINE_HR
          comment_line ::= * LINE_HTML

                       LINE_HR shift-reduce 135    comment_line ::= LINE_HR
                       LINE_HR reduce       130     ** Parsing conflict **
             LINE_CONTINUATION shift-reduce 132    comment_line ::= LINE_CONTINUATION
                 LINE_FALLBACK shift-reduce 134    comment_line ::= LINE_FALLBACK
                     LINE_HTML shift-reduce 136    comment_line ::= LINE_HTML
                     LINE_HTML reduce       130     ** Parsing conflict **
             LINE_STOP_COMMENT shift-reduce 63     html_com_block ::= html_comment LINE_STOP_COMMENT
             LINE_STOP_COMMENT reduce       130     ** Parsing conflict **
                    LINE_EMPTY shift-reduce 133    comment_line ::= LINE_EMPTY
                    LINE_EMPTY reduce       130     ** Parsing conflict **
                  comment_line shift-reduce 64     html_comment ::= html_comment comment_line
                     {default} reduce       130    html_com_block ::= html_comment

State 29:
     (20) block ::= html_block *
          html_block ::= html_block * html_line
          html_line ::= * LINE_CONTINUATION
          html_line ::= * LINE_FALLBACK
          html_line ::= * LINE_HR
          html_line ::= * LINE_HTML

                       LINE_HR shift-reduce 128    html_line ::= LINE_HR
                       LINE_HR reduce       20      ** Parsing conflict **
             LINE_CONTINUATION shift-reduce 126    html_line ::= LINE_CONTINUATION
                 LINE_FALLBACK shift-reduce 127    html_line ::= LINE_FALLBACK
                     LINE_HTML shift-reduce 129    html_line ::= LINE_HTML
                     LINE_HTML reduce       20      ** Parsing conflict **
                     html_line shift-reduce 62     html_block ::= html_block html_line
                     {default} reduce       20     block ::= html_block

State 30:
          nested_chunk ::= empty * indented_line chunk
          nested_chunk ::= empty * indented_line
     (93) nested_chunk ::= empty *
          indented_line ::= * LINE_INDENTED_TAB
          indented_line ::= * LINE_INDENTED_SPACE
          empty ::= empty * LINE_EMPTY

             LINE_INDENTED_TAB shift-reduce 94     indented_line ::= LINE_INDENTED_TAB
             LINE_INDENTED_TAB reduce       93      ** Parsing conflict **
           LINE_INDENTED_SPACE shift-reduce 95     indented_line ::= LINE_INDENTED_SPACE
           LINE_INDENTED_SPACE reduce       93      ** Parsing conflict **
                    LINE_EMPTY shift-reduce 46     empty ::= empty LINE_EMPTY
                    LINE_EMPTY reduce       93      ** Parsing conflict **
                 indented_line shift        19     
                     {default} reduce       93     nested_chunk ::= empty

State 31:
     (22) block ::= indented_code *
          indented_line ::= * LINE_INDENTED_TAB
          indented_line ::= * LINE_INDENTED_SPACE
          indented_code ::= indented_code * indented_line
          indented_code ::= indented_code * LINE_EMPTY

             LINE_INDENTED_TAB shift-reduce 94     indented_line ::= LINE_INDENTED_TAB
             LINE_INDENTED_TAB reduce       22      ** Parsing conflict **
           LINE_INDENTED_SPACE shift-reduce 95     indented_line ::= LINE_INDENTED_SPACE
           LINE_INDENTED_SPACE reduce       22      ** Parsing conflict **
                    LINE_EMPTY shift-reduce 66     indented_code ::= indented_code LINE_EMPTY
                    LINE_EMPTY reduce       22      ** Parsing conflict **
                 indented_line shift-reduce 65     indented_code ::= indented_code indented_line
                     {default} reduce       22     block ::= indented_code

State 32:
          chunk ::= chunk * chunk_line
          chunk_line ::= * LINE_CONTINUATION
          chunk_line ::= * LINE_STOP_COMMENT
     (78) para ::= LINE_PLAIN chunk *

             LINE_CONTINUATION shift-reduce 90     chunk_line ::= LINE_CONTINUATION
             LINE_STOP_COMMENT shift-reduce 91     chunk_line ::= LINE_STOP_COMMENT
             LINE_STOP_COMMENT reduce       78      ** Parsing conflict **
                    chunk_line shift-reduce 30     chunk ::= chunk chunk_line
                     {default} reduce       78     para ::= LINE_PLAIN chunk

State 33:
          chunk ::= chunk * chunk_line
          chunk_line ::= * LINE_CONTINUATION
          chunk_line ::= * LINE_STOP_COMMENT
     (41) def_abbreviation ::= LINE_DEF_ABBREVIATION chunk *

             LINE_CONTINUATION shift-reduce 90     chunk_line ::= LINE_CONTINUATION
             LINE_STOP_COMMENT shift-reduce 91     chunk_line ::= LINE_STOP_COMMENT
             LINE_STOP_COMMENT reduce       41      ** Parsing conflict **
                    chunk_line shift-reduce 30     chunk ::= chunk chunk_line
                     {default} reduce       41     def_abbreviation ::= LINE_DEF_ABBREVIATION chunk

State 34:
          chunk ::= chunk * chunk_line
          chunk_line ::= * LINE_CONTINUATION
          chunk_line ::= * LINE_STOP_COMMENT
     (40) def_link ::= LINE_DEF_LINK chunk *

             LINE_CONTINUATION shift-reduce 90     chunk_line ::= LINE_CONTINUATION
             LINE_STOP_COMMENT shift-reduce 91     chunk_line ::= LINE_STOP_COMMENT
             LINE_STOP_COMMENT reduce       40      ** Parsing conflict **
                    chunk_line shift-reduce 30     chunk ::= chunk chunk_line
                     {default} reduce       40     def_link ::= LINE_DEF_LINK chunk

State 35:
     (25) block ::= meta_block *
          meta_block ::= meta_block * meta_line
          meta_line ::= * LINE_META
          meta_line ::= * LINE_CONTINUATION

             LINE_CONTINUATION shift-reduce 142    meta_line ::= LINE_CONTINUATION
                     LINE_META shift-reduce 141    meta_line ::= LINE_META
                     LINE_META reduce       25      ** Parsing conflict **
                     meta_line shift-reduce 77     meta_block ::= meta_block meta_line
                     {default} reduce       25     block ::= meta_block

State 36:
          chunk ::= chunk * chunk_line
          chunk_line ::= * LINE_CONTINUATION
          chunk_line ::= * LINE_STOP_COMMENT
     (32) nested_chunk ::= empty indented_line chunk *

             LINE_CONTINUATION shift-reduce 90     chunk_line ::= LINE_CONTINUATION
             LINE_STOP_COMMENT shift-reduce 91     chunk_line ::= LINE_STOP_COMMENT
             LINE_STOP_COMMENT reduce       32      ** Parsing conflict **
                    chunk_line shift-reduce 30     chunk ::= chunk chunk_line
                     {default} reduce       32     nested_chunk ::= empty indented_line chunk

State 37:
     (11) block ::= blockquote *
          blockquote ::= blockquote * quote_line
          quote_line ::= * LINE_BLOCKQUOTE
          quote_line ::= * LINE_CONTINUATION

             LINE_CONTINUATION shift-reduce 101    quote_line ::= LINE_CONTINUATION
               LINE_BLOCKQUOTE shift-reduce 100    quote_line ::= LINE_BLOCKQUOTE
               LINE_BLOCKQUOTE reduce       11      ** Parsing conflict **
                    quote_line shift-reduce 36     blockquote ::= blockquote quote_line
                     {default} reduce       11     block ::= blockquote

State 38:
          defs ::= defs * def
          def ::= * LINE_DEFINITION tail
          def ::= * LINE_DEFINITION
    (151) para ::= defs *

               LINE_DEFINITION shift        5      
               LINE_DEFINITION reduce       151     ** Parsing conflict **
                           def shift-reduce 43     defs ::= defs def
                     {default} reduce       151    para ::= defs

State 39:
     (42) definition_block ::= para defs *
          defs ::= defs * def
          def ::= * LINE_DEFINITION tail
          def ::= * LINE_DEFINITION

               LINE_DEFINITION shift        5      
               LINE_DEFINITION reduce       42      ** Parsing conflict **
                           def shift-reduce 43     defs ::= defs def
                     {default} reduce       42     definition_block ::= para defs

State 40:
     (24) block ::= list_enum *
          list_enum ::= list_enum * item_enum
          item_enum ::= * LINE_LIST_ENUMERATED ext_chunk
          item_enum ::= * LINE_LIST_ENUMERATED chunk
          item_enum ::= * LINE_LIST_ENUMERATED nested_chunks
          item_enum ::= * LINE_LIST_ENUMERATED

          LINE_LIST_ENUMERATED shift        6      
          LINE_LIST_ENUMERATED reduce       24      ** Parsing conflict **
                     item_enum shift-reduce 72     list_enum ::= list_enum item_enum
                     {default} reduce       24     block ::= list_enum

State 41:
     (23) block ::= list_bullet *
          list_bullet ::= list_bullet * item_bullet
          item_bullet ::= * LINE_LIST_BULLETED ext_chunk
          item_bullet ::= * LINE_LIST_BULLETED chunk
          item_bullet ::= * LINE_LIST_BULLETED nested_chunks
          item_bullet ::= * LINE_LIST_BULLETED

            LINE_LIST_BULLETED shift        7      
            LINE_LIST_BULLETED reduce       23      ** Parsing conflict **
                   item_bullet shift-reduce 67     list_bullet ::= list_bullet item_bullet
                     {default} reduce       23     block ::= list_bullet

State 42:
          table_header ::= header_rows * LINE_TABLE_SEPARATOR
          header_rows ::= header_rows * LINE_TABLE
    (149) row ::= header_rows *

                    LINE_TABLE shift-reduce 83     header_rows ::= header_rows LINE_TABLE
                    LINE_TABLE reduce       149     ** Parsing conflict **
          LINE_TABLE_SEPARATOR shift-reduce 82     table_header ::= header_rows LINE_TABLE_SEPARATOR
          LINE_TABLE_SEPARATOR reduce       149     ** Parsing conflict **
                     {default} reduce       149    row ::= header_rows

State 43:
          header_rows ::= header_rows * LINE_TABLE
    (149) row ::= header_rows *

                    LINE_TABLE shift-reduce 83     header_rows ::= header_rows LINE_TABLE
                    LINE_TABLE reduce       149     ** Parsing conflict **
                     {default} reduce       149    row ::= header_rows

State 44:
     (18) block ::= empty *
          empty ::= empty * LINE_EMPTY

                    LINE_EMPTY shift-reduce 46     empty ::= empty LINE_EMPTY
                    LINE_EMPTY reduce       18      ** Parsing conflict **
                     {default} reduce       18     block ::= empty

----------------------------------------------------
Symbols:
    0: $:
    1: LINE_HR
    2: LINE_SETEXT_1
    3: LINE_SETEXT_2
    4: LINE_CONTINUATION
    5: LINE_PLAIN
    6: LINE_INDENTED_TAB
    7: LINE_INDENTED_SPACE
    8: LINE_TABLE
    9: LINE_TABLE_SEPARATOR
   10: LINE_FALLBACK
   11: LINE_HTML
   12: LINE_ATX_1
   13: LINE_ATX_2
   14: LINE_ATX_3
   15: LINE_ATX_4
   16: LINE_ATX_5
   17: LINE_ATX_6
   18: LINE_BLOCKQUOTE
   19: LINE_LIST_BULLETED
   20: LINE_LIST_ENUMERATED
   21: LINE_DEF_ABBREVIATION
   22: LINE_DEF_CITATION
   23: LINE_DEF_FOOTNOTE
   24: LINE_DEF_GLOSSARY
   25: LINE_DEF_LINK
   26: LINE_TOC
   27: LINE_DEFINITION
   28: LINE_META
   29: LINE_BACKTICK
   30: LINE_FENCE_BACKTICK_3
   31: LINE_FENCE_BACKTICK_4
   32: LINE_FENCE_BACKTICK_5
   33: LINE_FENCE_BACKTICK_START_3
   34: LINE_FENCE_BACKTICK_START_4
   35: LINE_FENCE_BACKTICK_START_5
   36: LINE_STOP_COMMENT
   37: LINE_EMPTY
   38: LINE_START_COMMENT
   39: error:
   40: doc: LINE_HR LINE_PLAIN LINE_INDENTED_TAB LINE_INDENTED_SPACE LINE_TABLE LINE_TABLE_SEPARATOR LINE_HTML LINE_ATX_1 LINE_ATX_2 LINE_ATX_3 LINE_ATX_4 LINE_ATX_5 LINE_ATX_6 LINE_BLOCKQUOTE LINE_LIST_BULLETED LINE_LIST_ENUMERATED LINE_DEF_ABBREVIATION LINE_DEF_CITATION LINE_DEF_FOOTNOTE LINE_DEF_GLOSSARY LINE_DEF_LINK LINE_TOC LINE_DEFINITION LINE_META LINE_FENCE_BACKTICK_3 LINE_FENCE_BACKTICK_4 LINE_FENCE_BACKTICK_5 LINE_FENCE_BACKTICK_START_3 LINE_FENCE_BACKTICK_START_4 LINE_FENCE_BACKTICK_START_5 LINE_STOP_COMMENT LINE_EMPTY LINE_START_COMMENT
   41: blocks: LINE_HR LINE_PLAIN LINE_INDENTED_TAB LINE_INDENTED_SPACE LINE_TABLE LINE_TABLE_SEPARATOR LINE_HTML LINE_ATX_1 LINE_ATX_2 LINE_ATX_3 LINE_ATX_4 LINE_ATX_5 LINE_ATX_6 LINE_BLOCKQUOTE LINE_LIST_BULLETED LINE_LIST_ENUMERATED LINE_DEF_ABBREVIATION LINE_DEF_CITATION LINE_DEF_FOOTNOTE LINE_DEF_GLOSSARY LINE_DEF_LINK LINE_TOC LINE_DEFINITION LINE_META LINE_FENCE_BACKTICK_3 LINE_FENCE_BACKTICK_4 LINE_FENCE_BACKTICK_5 LINE_FENCE_BACKTICK_START_3 LINE_FENCE_BACKTICK_START_4 LINE_FENCE_BACKTICK_START_5 LINE_STOP_COMMENT LINE_EMPTY LINE_START_COMMENT
   42: block: LINE_HR LINE_PLAIN LINE_INDENTED_TAB LINE_INDENTED_SPACE LINE_TABLE LINE_TABLE_SEPARATOR LINE_HTML LINE_ATX_1 LINE_ATX_2 LINE_ATX_3 LINE_ATX_4 LINE_ATX_5 LINE_ATX_6 LINE_BLOCKQUOTE LINE_LIST_BULLETED LINE_LIST_ENUMERATED LINE_DEF_ABBREVIATION LINE_DEF_CITATION LINE_DEF_FOOTNOTE LINE_DEF_GLOSSARY LINE_DEF_LINK LINE_TOC LINE_DEFINITION LINE_META LINE_FENCE_BACKTICK_3 LINE_FENCE_BACKTICK_4 LINE_FENCE_BACKTICK_5 LINE_FENCE_BACKTICK_START_3 LINE_FENCE_BACKTICK_START_4 LINE_FENCE_BACKTICK_START_5 LINE_STOP_COMMENT LINE_EMPTY LINE_START_COMMENT
   43: blockquote: LINE_BLOCKQUOTE
   44: def_abbreviation: LINE_DEF_ABBREVIATION
   45: def_citation: LINE_DEF_CITATION
   46: def_footnote: LINE_DEF_FOOTNOTE
   47: def_glossary: LINE_DEF_GLOSSARY
   48: def_link: LINE_DEF_LINK
   49: definition_block: LINE_PLAIN LINE_TABLE LINE_TABLE_SEPARATOR LINE_DEFINITION LINE_STOP_COMMENT
   50: empty: LINE_EMPTY
   51: fenced_block: LINE_FENCE_BACKTICK_3 LINE_FENCE_BACKTICK_4 LINE_FENCE_BACKTICK_5 LINE_FENCE_BACKTICK_START_3 LINE_FENCE_BACKTICK_START_4 LINE_FENCE_BACKTICK_START_5
   52: html_block: LINE_HTML
   53: html_com_block: LINE_START_COMMENT
   54: indented_code: LINE_INDENTED_TAB LINE_INDENTED_SPACE
   55: list_bullet: LINE_LIST_BULLETED
   56: list_enum: LINE_LIST_ENUMERATED
   57: meta_block: LINE_META
   58: para: LINE_PLAIN LINE_TABLE LINE_TABLE_SEPARATOR LINE_DEFINITION LINE_STOP_COMMENT
   59: setext_1: LINE_PLAIN LINE_TABLE LINE_TABLE_SEPARATOR LINE_DEFINITION LINE_STOP_COMMENT
   60: setext_2: LINE_PLAIN LINE_TABLE LINE_TABLE_SEPARATOR LINE_DEFINITION LINE_STOP_COMMENT
   61: table: LINE_TABLE
   62: chunk: LINE_CONTINUATION LINE_STOP_COMMENT
   63: chunk_line: LINE_CONTINUATION LINE_STOP_COMMENT
   64: nested_chunks: LINE_EMPTY
   65: nested_chunk: LINE_EMPTY
   66: indented_line: LINE_INDENTED_TAB LINE_INDENTED_SPACE
   67: ext_chunk: LINE_CONTINUATION LINE_STOP_COMMENT
   68: opt_ext_chunk: LINE_CONTINUATION LINE_STOP_COMMENT
   69: tail: LINE_CONTINUATION LINE_STOP_COMMENT LINE_EMPTY
   70: quote_line: LINE_CONTINUATION LINE_BLOCKQUOTE
   71: defs: LINE_DEFINITION
   72: def: LINE_DEFINITION
   73: fenced_3: LINE_FENCE_BACKTICK_3 LINE_FENCE_BACKTICK_START_3
   74: fenced_line: LINE_HR LINE_CONTINUATION LINE_FALLBACK LINE_HTML LINE_STOP_COMMENT LINE_EMPTY LINE_START_COMMENT
   75: fenced_4: LINE_FENCE_BACKTICK_4 LINE_FENCE_BACKTICK_START_4
   76: fenced_5: LINE_FENCE_BACKTICK_5 LINE_FENCE_BACKTICK_START_5
   77: html_line: LINE_HR LINE_CONTINUATION LINE_FALLBACK LINE_HTML
   78: html_comment: LINE_START_COMMENT
   79: comment_line: LINE_HR LINE_CONTINUATION LINE_FALLBACK LINE_HTML LINE_EMPTY
   80: item_bullet: LINE_LIST_BULLETED
   81: item_enum: LINE_LIST_ENUMERATED
   82: meta_line: LINE_CONTINUATION LINE_META
   83: table_header: LINE_TABLE
   84: table_body: LINE_TABLE LINE_TABLE_SEPARATOR
   85: header_rows: LINE_TABLE
   86: table_section: LINE_TABLE LINE_TABLE_SEPARATOR
   87: all_rows: LINE_TABLE LINE_TABLE_SEPARATOR
   88: row: LINE_TABLE LINE_TABLE_SEPARATOR
