State 0:
          doc ::= * blocks
          blocks ::= * blocks block
          blocks ::= * block
          block ::= * para
          block ::= * indented_code
          block ::= * LINE_ATX_1
          block ::= * LINE_ATX_2
          block ::= * LINE_ATX_3
          block ::= * LINE_ATX_4
          block ::= * LINE_ATX_5
          block ::= * LINE_ATX_6
          block ::= * empty
          block ::= * list_bulleted
          block ::= * list_enumerated
          block ::= * blockquote
          block ::= * table
          block ::= * LINE_HR
          block ::= * def_citation
          block ::= * def_footnote
          block ::= * def_link
          block ::= * html_block
          block ::= * fenced_block
          block ::= * meta_block
          block ::= * LINE_TOC
          block ::= * definition_block
          para ::= * LINE_PLAIN para_lines
          para ::= * LINE_PLAIN
          indented_code ::= * indented_code code_line
          indented_code ::= * indented_line
          indented_line ::= * LINE_INDENTED_TAB
          indented_line ::= * LINE_INDENTED_SPACE
          empty ::= * empty LINE_EMPTY
          empty ::= * LINE_EMPTY
          blockquote ::= * LINE_BLOCKQUOTE quote_lines
          blockquote ::= * LINE_BLOCKQUOTE
          list_bulleted ::= * list_bulleted item_bulleted
          list_bulleted ::= * item_bulleted
          item_bulleted ::= * LINE_LIST_BULLETED para_lines cont_blocks
          item_bulleted ::= * LINE_LIST_BULLETED para_lines
          item_bulleted ::= * LINE_LIST_BULLETED cont_blocks
          item_bulleted ::= * LINE_LIST_BULLETED
          list_enumerated ::= * list_enumerated item_enumerated
          list_enumerated ::= * item_enumerated
          item_enumerated ::= * LINE_LIST_ENUMERATED para_lines cont_blocks
          item_enumerated ::= * LINE_LIST_ENUMERATED para_lines
          item_enumerated ::= * LINE_LIST_ENUMERATED cont_blocks
          item_enumerated ::= * LINE_LIST_ENUMERATED
          table_header ::= * table_rows LINE_TABLE_SEPARATOR
          table ::= * table_header table_body
          table ::= * table_header
          table_rows ::= * table_rows LINE_TABLE
          table_rows ::= * LINE_TABLE
          def_citation ::= * LINE_DEF_CITATION para_lines cont_blocks
          def_citation ::= * LINE_DEF_CITATION para_lines
          def_citation ::= * LINE_DEF_CITATION cont_blocks
          def_citation ::= * LINE_DEF_CITATION
          def_footnote ::= * LINE_DEF_FOOTNOTE para_lines cont_blocks
          def_footnote ::= * LINE_DEF_FOOTNOTE para_lines
          def_footnote ::= * LINE_DEF_FOOTNOTE cont_blocks
          def_footnote ::= * LINE_DEF_FOOTNOTE
          def_link ::= * LINE_DEF_LINK para_lines
          def_link ::= * LINE_DEF_LINK
          html_block ::= * LINE_HTML html_block_lines
          html_block ::= * LINE_HTML
          fenced_block ::= * LINE_FENCE_BACKTICK fenced_lines LINE_FENCE_BACKTICK
          fenced_block ::= * LINE_FENCE_BACKTICK fenced_lines
          fenced_block ::= * LINE_FENCE_BACKTICK_START fenced_lines LINE_FENCE_BACKTICK
          fenced_block ::= * LINE_FENCE_BACKTICK_START fenced_lines
          meta_block ::= * LINE_META meta_lines
          meta_block ::= * LINE_META
          definition_block ::= * para defs
          defs ::= * defs def
          defs ::= * def
          def ::= * LINE_DEFINITION def_lines
          def ::= * LINE_DEFINITION
          para ::= * table_rows
          para ::= * defs

                    LINE_PLAIN shift        23     
             LINE_INDENTED_TAB shift-reduce 78     indented_line ::= LINE_INDENTED_TAB
           LINE_INDENTED_SPACE shift-reduce 79     indented_line ::= LINE_INDENTED_SPACE
                    LINE_TABLE shift-reduce 91     table_rows ::= LINE_TABLE
                     LINE_HTML shift        15     
                    LINE_ATX_1 shift-reduce 5      block ::= LINE_ATX_1
                    LINE_ATX_2 shift-reduce 6      block ::= LINE_ATX_2
                    LINE_ATX_3 shift-reduce 7      block ::= LINE_ATX_3
                    LINE_ATX_4 shift-reduce 8      block ::= LINE_ATX_4
                    LINE_ATX_5 shift-reduce 9      block ::= LINE_ATX_5
                    LINE_ATX_6 shift-reduce 10     block ::= LINE_ATX_6
                       LINE_HR shift-reduce 16     block ::= LINE_HR
               LINE_BLOCKQUOTE shift        16     
            LINE_LIST_BULLETED shift        5      
          LINE_LIST_ENUMERATED shift        4      
             LINE_DEF_CITATION shift        3      
             LINE_DEF_FOOTNOTE shift        2      
                 LINE_DEF_LINK shift        17     
           LINE_FENCE_BACKTICK shift        14     
     LINE_FENCE_BACKTICK_START shift        13     
                      LINE_TOC shift-reduce 23     block ::= LINE_TOC
                    LINE_EMPTY shift-reduce 80     empty ::= LINE_EMPTY
                     LINE_META shift        12     
               LINE_DEFINITION shift        42     
                           doc accept
                        blocks shift        1      
                         block shift-reduce 2      blocks ::= block
                          para shift        29     
                 indented_code shift        11     
                         empty shift        46     
                 list_bulleted shift        41     
               list_enumerated shift        39     
                    blockquote shift-reduce 14     block ::= blockquote
                         table shift-reduce 15     block ::= table
                  def_citation shift-reduce 17     block ::= def_citation
                  def_footnote shift-reduce 18     block ::= def_footnote
                      def_link shift-reduce 19     block ::= def_link
                    html_block shift-reduce 20     block ::= html_block
                  fenced_block shift-reduce 21     block ::= fenced_block
                    meta_block shift-reduce 22     block ::= meta_block
              definition_block shift-reduce 24     block ::= definition_block
                 indented_line shift        11       /* because indented_line==indented_code */
                 item_bulleted shift        41       /* because item_bulleted==list_bulleted */
               item_enumerated shift        39       /* because item_enumerated==list_enumerated */
                  table_header shift        10     
                    table_rows shift        45     
                          defs shift        36     
                           def shift        36       /* because def==defs */

State 1:
      (0) doc ::= blocks *
          blocks ::= blocks * block
          block ::= * para
          block ::= * indented_code
          block ::= * LINE_ATX_1
          block ::= * LINE_ATX_2
          block ::= * LINE_ATX_3
          block ::= * LINE_ATX_4
          block ::= * LINE_ATX_5
          block ::= * LINE_ATX_6
          block ::= * empty
          block ::= * list_bulleted
          block ::= * list_enumerated
          block ::= * blockquote
          block ::= * table
          block ::= * LINE_HR
          block ::= * def_citation
          block ::= * def_footnote
          block ::= * def_link
          block ::= * html_block
          block ::= * fenced_block
          block ::= * meta_block
          block ::= * LINE_TOC
          block ::= * definition_block
          para ::= * LINE_PLAIN para_lines
          para ::= * LINE_PLAIN
          indented_code ::= * indented_code code_line
          indented_code ::= * indented_line
          indented_line ::= * LINE_INDENTED_TAB
          indented_line ::= * LINE_INDENTED_SPACE
          empty ::= * empty LINE_EMPTY
          empty ::= * LINE_EMPTY
          blockquote ::= * LINE_BLOCKQUOTE quote_lines
          blockquote ::= * LINE_BLOCKQUOTE
          list_bulleted ::= * list_bulleted item_bulleted
          list_bulleted ::= * item_bulleted
          item_bulleted ::= * LINE_LIST_BULLETED para_lines cont_blocks
          item_bulleted ::= * LINE_LIST_BULLETED para_lines
          item_bulleted ::= * LINE_LIST_BULLETED cont_blocks
          item_bulleted ::= * LINE_LIST_BULLETED
          list_enumerated ::= * list_enumerated item_enumerated
          list_enumerated ::= * item_enumerated
          item_enumerated ::= * LINE_LIST_ENUMERATED para_lines cont_blocks
          item_enumerated ::= * LINE_LIST_ENUMERATED para_lines
          item_enumerated ::= * LINE_LIST_ENUMERATED cont_blocks
          item_enumerated ::= * LINE_LIST_ENUMERATED
          table_header ::= * table_rows LINE_TABLE_SEPARATOR
          table ::= * table_header table_body
          table ::= * table_header
          table_rows ::= * table_rows LINE_TABLE
          table_rows ::= * LINE_TABLE
          def_citation ::= * LINE_DEF_CITATION para_lines cont_blocks
          def_citation ::= * LINE_DEF_CITATION para_lines
          def_citation ::= * LINE_DEF_CITATION cont_blocks
          def_citation ::= * LINE_DEF_CITATION
          def_footnote ::= * LINE_DEF_FOOTNOTE para_lines cont_blocks
          def_footnote ::= * LINE_DEF_FOOTNOTE para_lines
          def_footnote ::= * LINE_DEF_FOOTNOTE cont_blocks
          def_footnote ::= * LINE_DEF_FOOTNOTE
          def_link ::= * LINE_DEF_LINK para_lines
          def_link ::= * LINE_DEF_LINK
          html_block ::= * LINE_HTML html_block_lines
          html_block ::= * LINE_HTML
          fenced_block ::= * LINE_FENCE_BACKTICK fenced_lines LINE_FENCE_BACKTICK
          fenced_block ::= * LINE_FENCE_BACKTICK fenced_lines
          fenced_block ::= * LINE_FENCE_BACKTICK_START fenced_lines LINE_FENCE_BACKTICK
          fenced_block ::= * LINE_FENCE_BACKTICK_START fenced_lines
          meta_block ::= * LINE_META meta_lines
          meta_block ::= * LINE_META
          definition_block ::= * para defs
          defs ::= * defs def
          defs ::= * def
          def ::= * LINE_DEFINITION def_lines
          def ::= * LINE_DEFINITION
          para ::= * table_rows
          para ::= * defs

                             $ reduce       0      doc ::= blocks
                    LINE_PLAIN shift        23     
             LINE_INDENTED_TAB shift-reduce 78     indented_line ::= LINE_INDENTED_TAB
           LINE_INDENTED_SPACE shift-reduce 79     indented_line ::= LINE_INDENTED_SPACE
                    LINE_TABLE shift-reduce 91     table_rows ::= LINE_TABLE
                     LINE_HTML shift        15     
                    LINE_ATX_1 shift-reduce 5      block ::= LINE_ATX_1
                    LINE_ATX_2 shift-reduce 6      block ::= LINE_ATX_2
                    LINE_ATX_3 shift-reduce 7      block ::= LINE_ATX_3
                    LINE_ATX_4 shift-reduce 8      block ::= LINE_ATX_4
                    LINE_ATX_5 shift-reduce 9      block ::= LINE_ATX_5
                    LINE_ATX_6 shift-reduce 10     block ::= LINE_ATX_6
                       LINE_HR shift-reduce 16     block ::= LINE_HR
               LINE_BLOCKQUOTE shift        16     
            LINE_LIST_BULLETED shift        5      
          LINE_LIST_ENUMERATED shift        4      
             LINE_DEF_CITATION shift        3      
             LINE_DEF_FOOTNOTE shift        2      
                 LINE_DEF_LINK shift        17     
           LINE_FENCE_BACKTICK shift        14     
     LINE_FENCE_BACKTICK_START shift        13     
                      LINE_TOC shift-reduce 23     block ::= LINE_TOC
                    LINE_EMPTY shift-reduce 80     empty ::= LINE_EMPTY
                     LINE_META shift        12     
               LINE_DEFINITION shift        42     
                         block shift-reduce 1      blocks ::= blocks block
                          para shift        29     
                 indented_code shift        11     
                         empty shift        46     
                 list_bulleted shift        41     
               list_enumerated shift        39     
                    blockquote shift-reduce 14     block ::= blockquote
                         table shift-reduce 15     block ::= table
                  def_citation shift-reduce 17     block ::= def_citation
                  def_footnote shift-reduce 18     block ::= def_footnote
                      def_link shift-reduce 19     block ::= def_link
                    html_block shift-reduce 20     block ::= html_block
                  fenced_block shift-reduce 21     block ::= fenced_block
                    meta_block shift-reduce 22     block ::= meta_block
              definition_block shift-reduce 24     block ::= definition_block
                 indented_line shift        11       /* because indented_line==indented_code */
                 item_bulleted shift        41       /* because item_bulleted==list_bulleted */
               item_enumerated shift        39       /* because item_enumerated==list_enumerated */
                  table_header shift        10     
                    table_rows shift        45     
                          defs shift        36     
                           def shift        36       /* because def==defs */

State 2:
          para_lines ::= * para_lines para_line
          para_lines ::= * para_line
          para_line ::= * LINE_CONTINUATION
          empty ::= * empty LINE_EMPTY
          empty ::= * LINE_EMPTY
          cont_blocks ::= * cont_blocks cont_block
          cont_blocks ::= * cont_block
          cont_block ::= * empty indented_line para_lines
          cont_block ::= * empty indented_line
          cont_block ::= * empty
          def_footnote ::= LINE_DEF_FOOTNOTE * para_lines cont_blocks
          def_footnote ::= LINE_DEF_FOOTNOTE * para_lines
          def_footnote ::= LINE_DEF_FOOTNOTE * cont_blocks
     (93) def_footnote ::= LINE_DEF_FOOTNOTE *

             LINE_CONTINUATION shift-reduce 74     para_line ::= LINE_CONTINUATION
                    LINE_EMPTY shift-reduce 80     empty ::= LINE_EMPTY
                    LINE_EMPTY reduce       93      ** Parsing conflict **
                         empty shift        32     
                    para_lines shift        6      
                     para_line shift        6        /* because para_line==para_lines */
                   cont_blocks shift        18     
                    cont_block shift        18       /* because cont_block==cont_blocks */
                     {default} reduce       93     def_footnote ::= LINE_DEF_FOOTNOTE

State 3:
          para_lines ::= * para_lines para_line
          para_lines ::= * para_line
          para_line ::= * LINE_CONTINUATION
          empty ::= * empty LINE_EMPTY
          empty ::= * LINE_EMPTY
          cont_blocks ::= * cont_blocks cont_block
          cont_blocks ::= * cont_block
          cont_block ::= * empty indented_line para_lines
          cont_block ::= * empty indented_line
          cont_block ::= * empty
          def_citation ::= LINE_DEF_CITATION * para_lines cont_blocks
          def_citation ::= LINE_DEF_CITATION * para_lines
          def_citation ::= LINE_DEF_CITATION * cont_blocks
     (92) def_citation ::= LINE_DEF_CITATION *

             LINE_CONTINUATION shift-reduce 74     para_line ::= LINE_CONTINUATION
                    LINE_EMPTY shift-reduce 80     empty ::= LINE_EMPTY
                    LINE_EMPTY reduce       92      ** Parsing conflict **
                         empty shift        32     
                    para_lines shift        7      
                     para_line shift        7        /* because para_line==para_lines */
                   cont_blocks shift        20     
                    cont_block shift        20       /* because cont_block==cont_blocks */
                     {default} reduce       92     def_citation ::= LINE_DEF_CITATION

State 4:
          para_lines ::= * para_lines para_line
          para_lines ::= * para_line
          para_line ::= * LINE_CONTINUATION
          empty ::= * empty LINE_EMPTY
          empty ::= * LINE_EMPTY
          item_enumerated ::= LINE_LIST_ENUMERATED * para_lines cont_blocks
          item_enumerated ::= LINE_LIST_ENUMERATED * para_lines
          item_enumerated ::= LINE_LIST_ENUMERATED * cont_blocks
     (40) item_enumerated ::= LINE_LIST_ENUMERATED *
          cont_blocks ::= * cont_blocks cont_block
          cont_blocks ::= * cont_block
          cont_block ::= * empty indented_line para_lines
          cont_block ::= * empty indented_line
          cont_block ::= * empty

             LINE_CONTINUATION shift-reduce 74     para_line ::= LINE_CONTINUATION
                    LINE_EMPTY shift-reduce 80     empty ::= LINE_EMPTY
                    LINE_EMPTY reduce       40      ** Parsing conflict **
                         empty shift        32     
                    para_lines shift        8      
                     para_line shift        8        /* because para_line==para_lines */
                   cont_blocks shift        24     
                    cont_block shift        24       /* because cont_block==cont_blocks */
                     {default} reduce       40     item_enumerated ::= LINE_LIST_ENUMERATED

State 5:
          para_lines ::= * para_lines para_line
          para_lines ::= * para_line
          para_line ::= * LINE_CONTINUATION
          empty ::= * empty LINE_EMPTY
          empty ::= * LINE_EMPTY
          item_bulleted ::= LINE_LIST_BULLETED * para_lines cont_blocks
          item_bulleted ::= LINE_LIST_BULLETED * para_lines
          item_bulleted ::= LINE_LIST_BULLETED * cont_blocks
     (35) item_bulleted ::= LINE_LIST_BULLETED *
          cont_blocks ::= * cont_blocks cont_block
          cont_blocks ::= * cont_block
          cont_block ::= * empty indented_line para_lines
          cont_block ::= * empty indented_line
          cont_block ::= * empty

             LINE_CONTINUATION shift-reduce 74     para_line ::= LINE_CONTINUATION
                    LINE_EMPTY shift-reduce 80     empty ::= LINE_EMPTY
                    LINE_EMPTY reduce       35      ** Parsing conflict **
                         empty shift        32     
                    para_lines shift        9      
                     para_line shift        9        /* because para_line==para_lines */
                   cont_blocks shift        26     
                    cont_block shift        26       /* because cont_block==cont_blocks */
                     {default} reduce       35     item_bulleted ::= LINE_LIST_BULLETED

State 6:
          para_lines ::= para_lines * para_line
          para_line ::= * LINE_CONTINUATION
          empty ::= * empty LINE_EMPTY
          empty ::= * LINE_EMPTY
          cont_blocks ::= * cont_blocks cont_block
          cont_blocks ::= * cont_block
          cont_block ::= * empty indented_line para_lines
          cont_block ::= * empty indented_line
          cont_block ::= * empty
          def_footnote ::= LINE_DEF_FOOTNOTE para_lines * cont_blocks
     (54) def_footnote ::= LINE_DEF_FOOTNOTE para_lines *

             LINE_CONTINUATION shift-reduce 74     para_line ::= LINE_CONTINUATION
                    LINE_EMPTY shift-reduce 80     empty ::= LINE_EMPTY
                    LINE_EMPTY reduce       54      ** Parsing conflict **
                         empty shift        32     
                     para_line shift-reduce 26     para_lines ::= para_lines para_line
                   cont_blocks shift        19     
                    cont_block shift        19       /* because cont_block==cont_blocks */
                     {default} reduce       54     def_footnote ::= LINE_DEF_FOOTNOTE para_lines

State 7:
          para_lines ::= para_lines * para_line
          para_line ::= * LINE_CONTINUATION
          empty ::= * empty LINE_EMPTY
          empty ::= * LINE_EMPTY
          cont_blocks ::= * cont_blocks cont_block
          cont_blocks ::= * cont_block
          cont_block ::= * empty indented_line para_lines
          cont_block ::= * empty indented_line
          cont_block ::= * empty
          def_citation ::= LINE_DEF_CITATION para_lines * cont_blocks
     (51) def_citation ::= LINE_DEF_CITATION para_lines *

             LINE_CONTINUATION shift-reduce 74     para_line ::= LINE_CONTINUATION
                    LINE_EMPTY shift-reduce 80     empty ::= LINE_EMPTY
                    LINE_EMPTY reduce       51      ** Parsing conflict **
                         empty shift        32     
                     para_line shift-reduce 26     para_lines ::= para_lines para_line
                   cont_blocks shift        21     
                    cont_block shift        21       /* because cont_block==cont_blocks */
                     {default} reduce       51     def_citation ::= LINE_DEF_CITATION para_lines

State 8:
          para_lines ::= para_lines * para_line
          para_line ::= * LINE_CONTINUATION
          empty ::= * empty LINE_EMPTY
          empty ::= * LINE_EMPTY
          item_enumerated ::= LINE_LIST_ENUMERATED para_lines * cont_blocks
     (38) item_enumerated ::= LINE_LIST_ENUMERATED para_lines *
          cont_blocks ::= * cont_blocks cont_block
          cont_blocks ::= * cont_block
          cont_block ::= * empty indented_line para_lines
          cont_block ::= * empty indented_line
          cont_block ::= * empty

             LINE_CONTINUATION shift-reduce 74     para_line ::= LINE_CONTINUATION
                    LINE_EMPTY shift-reduce 80     empty ::= LINE_EMPTY
                    LINE_EMPTY reduce       38      ** Parsing conflict **
                         empty shift        32     
                     para_line shift-reduce 26     para_lines ::= para_lines para_line
                   cont_blocks shift        25     
                    cont_block shift        25       /* because cont_block==cont_blocks */
                     {default} reduce       38     item_enumerated ::= LINE_LIST_ENUMERATED para_lines

State 9:
          para_lines ::= para_lines * para_line
          para_line ::= * LINE_CONTINUATION
          empty ::= * empty LINE_EMPTY
          empty ::= * LINE_EMPTY
          item_bulleted ::= LINE_LIST_BULLETED para_lines * cont_blocks
     (33) item_bulleted ::= LINE_LIST_BULLETED para_lines *
          cont_blocks ::= * cont_blocks cont_block
          cont_blocks ::= * cont_block
          cont_block ::= * empty indented_line para_lines
          cont_block ::= * empty indented_line
          cont_block ::= * empty

             LINE_CONTINUATION shift-reduce 74     para_line ::= LINE_CONTINUATION
                    LINE_EMPTY shift-reduce 80     empty ::= LINE_EMPTY
                    LINE_EMPTY reduce       33      ** Parsing conflict **
                         empty shift        32     
                     para_line shift-reduce 26     para_lines ::= para_lines para_line
                   cont_blocks shift        27     
                    cont_block shift        27       /* because cont_block==cont_blocks */
                     {default} reduce       33     item_bulleted ::= LINE_LIST_BULLETED para_lines

State 10:
          table_section ::= * table_rows LINE_EMPTY
          table_section ::= * table_rows
          table ::= table_header * table_body
     (89) table ::= table_header *
          table_body ::= * table_body table_section
          table_body ::= * table_section
          table_rows ::= * table_rows LINE_TABLE
          table_rows ::= * LINE_TABLE

                    LINE_TABLE shift-reduce 91     table_rows ::= LINE_TABLE
                    LINE_TABLE reduce       89      ** Parsing conflict **
                    table_rows shift        44     
                 table_section shift        22       /* because table_section==table_body */
                    table_body shift        22     
                     {default} reduce       89     table ::= table_header

State 11:
      (4) block ::= indented_code *
          indented_code ::= indented_code * code_line
          code_line ::= * indented_line
          code_line ::= * LINE_EMPTY
          indented_line ::= * LINE_INDENTED_TAB
          indented_line ::= * LINE_INDENTED_SPACE

             LINE_INDENTED_TAB shift-reduce 78     indented_line ::= LINE_INDENTED_TAB
             LINE_INDENTED_TAB reduce       4       ** Parsing conflict **
           LINE_INDENTED_SPACE shift-reduce 79     indented_line ::= LINE_INDENTED_SPACE
           LINE_INDENTED_SPACE reduce       4       ** Parsing conflict **
                    LINE_EMPTY shift-reduce 77     code_line ::= LINE_EMPTY
                    LINE_EMPTY reduce       4       ** Parsing conflict **
                     code_line shift-reduce 27     indented_code ::= indented_code code_line
                 indented_line shift-reduce 27     indented_code ::= indented_code code_line  /* because indented_line==code_line */
                     {default} reduce       4      block ::= indented_code

State 12:
          meta_block ::= LINE_META * meta_lines
    (103) meta_block ::= LINE_META *
          meta_lines ::= * meta_lines meta_line
          meta_lines ::= * meta_line
          meta_line ::= * LINE_META
          meta_line ::= * LINE_CONTINUATION

             LINE_CONTINUATION shift-reduce 106    meta_line ::= LINE_CONTINUATION
                     LINE_META shift-reduce 105    meta_line ::= LINE_META
                     LINE_META reduce       103     ** Parsing conflict **
                    meta_lines shift        33     
                     meta_line shift        33       /* because meta_line==meta_lines */
                     {default} reduce       103    meta_block ::= LINE_META

State 13:
          fenced_block ::= LINE_FENCE_BACKTICK_START * fenced_lines LINE_FENCE_BACKTICK
          fenced_block ::= LINE_FENCE_BACKTICK_START * fenced_lines
          fenced_lines ::= * fenced_lines fenced_line
          fenced_lines ::= * fenced_line
    (100) fenced_lines ::= *
          fenced_line ::= * LINE_CONTINUATION
          fenced_line ::= * LINE_EMPTY

             LINE_CONTINUATION shift-reduce 101    fenced_line ::= LINE_CONTINUATION
             LINE_CONTINUATION reduce       100     ** Parsing conflict **
                    LINE_EMPTY shift-reduce 102    fenced_line ::= LINE_EMPTY
                    LINE_EMPTY reduce       100     ** Parsing conflict **
                  fenced_lines shift        30     
                   fenced_line shift        30       /* because fenced_line==fenced_lines */
                     {default} reduce       100    fenced_lines ::=

State 14:
          fenced_block ::= LINE_FENCE_BACKTICK * fenced_lines LINE_FENCE_BACKTICK
          fenced_block ::= LINE_FENCE_BACKTICK * fenced_lines
          fenced_lines ::= * fenced_lines fenced_line
          fenced_lines ::= * fenced_line
    (100) fenced_lines ::= *
          fenced_line ::= * LINE_CONTINUATION
          fenced_line ::= * LINE_EMPTY

             LINE_CONTINUATION shift-reduce 101    fenced_line ::= LINE_CONTINUATION
             LINE_CONTINUATION reduce       100     ** Parsing conflict **
                    LINE_EMPTY shift-reduce 102    fenced_line ::= LINE_EMPTY
                    LINE_EMPTY reduce       100     ** Parsing conflict **
                  fenced_lines shift        31     
                   fenced_line shift        31       /* because fenced_line==fenced_lines */
                     {default} reduce       100    fenced_lines ::=

State 15:
          html_block ::= LINE_HTML * html_block_lines
     (95) html_block ::= LINE_HTML *
          html_block_lines ::= * html_block_lines html_block_line
          html_block_lines ::= * html_block_line
          html_block_line ::= * LINE_CONTINUATION
          html_block_line ::= * LINE_HTML

             LINE_CONTINUATION shift-reduce 97     html_block_line ::= LINE_CONTINUATION
                     LINE_HTML shift-reduce 98     html_block_line ::= LINE_HTML
                     LINE_HTML reduce       95      ** Parsing conflict **
              html_block_lines shift        34     
               html_block_line shift        34       /* because html_block_line==html_block_lines */
                     {default} reduce       95     html_block ::= LINE_HTML

State 16:
          blockquote ::= LINE_BLOCKQUOTE * quote_lines
     (81) blockquote ::= LINE_BLOCKQUOTE *
          quote_lines ::= * quote_lines quote_line
          quote_lines ::= * quote_line
          quote_line ::= * LINE_BLOCKQUOTE
          quote_line ::= * LINE_CONTINUATION

             LINE_CONTINUATION shift-reduce 84     quote_line ::= LINE_CONTINUATION
               LINE_BLOCKQUOTE shift-reduce 83     quote_line ::= LINE_BLOCKQUOTE
               LINE_BLOCKQUOTE reduce       81      ** Parsing conflict **
                   quote_lines shift        35     
                    quote_line shift        35       /* because quote_line==quote_lines */
                     {default} reduce       81     blockquote ::= LINE_BLOCKQUOTE

State 17:
          para_lines ::= * para_lines para_line
          para_lines ::= * para_line
          para_line ::= * LINE_CONTINUATION
          def_link ::= LINE_DEF_LINK * para_lines
     (94) def_link ::= LINE_DEF_LINK *

             LINE_CONTINUATION shift-reduce 74     para_line ::= LINE_CONTINUATION
                    para_lines shift        37     
                     para_line shift        37       /* because para_line==para_lines */
                     {default} reduce       94     def_link ::= LINE_DEF_LINK

State 18:
          empty ::= * empty LINE_EMPTY
          empty ::= * LINE_EMPTY
          cont_blocks ::= cont_blocks * cont_block
          cont_block ::= * empty indented_line para_lines
          cont_block ::= * empty indented_line
          cont_block ::= * empty
     (55) def_footnote ::= LINE_DEF_FOOTNOTE cont_blocks *

                    LINE_EMPTY shift-reduce 80     empty ::= LINE_EMPTY
                    LINE_EMPTY reduce       55      ** Parsing conflict **
                         empty shift        32     
                    cont_block shift-reduce 41     cont_blocks ::= cont_blocks cont_block
                     {default} reduce       55     def_footnote ::= LINE_DEF_FOOTNOTE cont_blocks

State 19:
          empty ::= * empty LINE_EMPTY
          empty ::= * LINE_EMPTY
          cont_blocks ::= cont_blocks * cont_block
          cont_block ::= * empty indented_line para_lines
          cont_block ::= * empty indented_line
          cont_block ::= * empty
     (53) def_footnote ::= LINE_DEF_FOOTNOTE para_lines cont_blocks *

                    LINE_EMPTY shift-reduce 80     empty ::= LINE_EMPTY
                    LINE_EMPTY reduce       53      ** Parsing conflict **
                         empty shift        32     
                    cont_block shift-reduce 41     cont_blocks ::= cont_blocks cont_block
                     {default} reduce       53     def_footnote ::= LINE_DEF_FOOTNOTE para_lines cont_blocks

State 20:
          empty ::= * empty LINE_EMPTY
          empty ::= * LINE_EMPTY
          cont_blocks ::= cont_blocks * cont_block
          cont_block ::= * empty indented_line para_lines
          cont_block ::= * empty indented_line
          cont_block ::= * empty
     (52) def_citation ::= LINE_DEF_CITATION cont_blocks *

                    LINE_EMPTY shift-reduce 80     empty ::= LINE_EMPTY
                    LINE_EMPTY reduce       52      ** Parsing conflict **
                         empty shift        32     
                    cont_block shift-reduce 41     cont_blocks ::= cont_blocks cont_block
                     {default} reduce       52     def_citation ::= LINE_DEF_CITATION cont_blocks

State 21:
          empty ::= * empty LINE_EMPTY
          empty ::= * LINE_EMPTY
          cont_blocks ::= cont_blocks * cont_block
          cont_block ::= * empty indented_line para_lines
          cont_block ::= * empty indented_line
          cont_block ::= * empty
     (50) def_citation ::= LINE_DEF_CITATION para_lines cont_blocks *

                    LINE_EMPTY shift-reduce 80     empty ::= LINE_EMPTY
                    LINE_EMPTY reduce       50      ** Parsing conflict **
                         empty shift        32     
                    cont_block shift-reduce 41     cont_blocks ::= cont_blocks cont_block
                     {default} reduce       50     def_citation ::= LINE_DEF_CITATION para_lines cont_blocks

State 22:
          table_section ::= * table_rows LINE_EMPTY
          table_section ::= * table_rows
     (47) table ::= table_header table_body *
          table_body ::= table_body * table_section
          table_rows ::= * table_rows LINE_TABLE
          table_rows ::= * LINE_TABLE

                    LINE_TABLE shift-reduce 91     table_rows ::= LINE_TABLE
                    LINE_TABLE reduce       47      ** Parsing conflict **
                    table_rows shift        44     
                 table_section shift-reduce 48     table_body ::= table_body table_section
                     {default} reduce       47     table ::= table_header table_body

State 23:
          para ::= LINE_PLAIN * para_lines
     (72) para ::= LINE_PLAIN *
          para_lines ::= * para_lines para_line
          para_lines ::= * para_line
          para_line ::= * LINE_CONTINUATION

             LINE_CONTINUATION shift-reduce 74     para_line ::= LINE_CONTINUATION
                    para_lines shift        38     
                     para_line shift        38       /* because para_line==para_lines */
                     {default} reduce       72     para ::= LINE_PLAIN

State 24:
          empty ::= * empty LINE_EMPTY
          empty ::= * LINE_EMPTY
     (39) item_enumerated ::= LINE_LIST_ENUMERATED cont_blocks *
          cont_blocks ::= cont_blocks * cont_block
          cont_block ::= * empty indented_line para_lines
          cont_block ::= * empty indented_line
          cont_block ::= * empty

                    LINE_EMPTY shift-reduce 80     empty ::= LINE_EMPTY
                    LINE_EMPTY reduce       39      ** Parsing conflict **
                         empty shift        32     
                    cont_block shift-reduce 41     cont_blocks ::= cont_blocks cont_block
                     {default} reduce       39     item_enumerated ::= LINE_LIST_ENUMERATED cont_blocks

State 25:
          empty ::= * empty LINE_EMPTY
          empty ::= * LINE_EMPTY
     (37) item_enumerated ::= LINE_LIST_ENUMERATED para_lines cont_blocks *
          cont_blocks ::= cont_blocks * cont_block
          cont_block ::= * empty indented_line para_lines
          cont_block ::= * empty indented_line
          cont_block ::= * empty

                    LINE_EMPTY shift-reduce 80     empty ::= LINE_EMPTY
                    LINE_EMPTY reduce       37      ** Parsing conflict **
                         empty shift        32     
                    cont_block shift-reduce 41     cont_blocks ::= cont_blocks cont_block
                     {default} reduce       37     item_enumerated ::= LINE_LIST_ENUMERATED para_lines cont_blocks

State 26:
          empty ::= * empty LINE_EMPTY
          empty ::= * LINE_EMPTY
     (34) item_bulleted ::= LINE_LIST_BULLETED cont_blocks *
          cont_blocks ::= cont_blocks * cont_block
          cont_block ::= * empty indented_line para_lines
          cont_block ::= * empty indented_line
          cont_block ::= * empty

                    LINE_EMPTY shift-reduce 80     empty ::= LINE_EMPTY
                    LINE_EMPTY reduce       34      ** Parsing conflict **
                         empty shift        32     
                    cont_block shift-reduce 41     cont_blocks ::= cont_blocks cont_block
                     {default} reduce       34     item_bulleted ::= LINE_LIST_BULLETED cont_blocks

State 27:
          empty ::= * empty LINE_EMPTY
          empty ::= * LINE_EMPTY
     (32) item_bulleted ::= LINE_LIST_BULLETED para_lines cont_blocks *
          cont_blocks ::= cont_blocks * cont_block
          cont_block ::= * empty indented_line para_lines
          cont_block ::= * empty indented_line
          cont_block ::= * empty

                    LINE_EMPTY shift-reduce 80     empty ::= LINE_EMPTY
                    LINE_EMPTY reduce       32      ** Parsing conflict **
                         empty shift        32     
                    cont_block shift-reduce 41     cont_blocks ::= cont_blocks cont_block
                     {default} reduce       32     item_bulleted ::= LINE_LIST_BULLETED para_lines cont_blocks

State 28:
          para_lines ::= * para_lines para_line
          para_lines ::= * para_line
          para_line ::= * LINE_CONTINUATION
          cont_block ::= empty indented_line * para_lines
     (43) cont_block ::= empty indented_line *

             LINE_CONTINUATION shift-reduce 74     para_line ::= LINE_CONTINUATION
                    para_lines shift        40     
                     para_line shift        40       /* because para_line==para_lines */
                     {default} reduce       43     cont_block ::= empty indented_line

State 29:
      (3) block ::= para *
          definition_block ::= para * defs
          defs ::= * defs def
          defs ::= * def
          def ::= * LINE_DEFINITION def_lines
          def ::= * LINE_DEFINITION

               LINE_DEFINITION shift        42     
               LINE_DEFINITION reduce       3       ** Parsing conflict **
                          defs shift        43     
                           def shift        43       /* because def==defs */
                     {default} reduce       3      block ::= para

State 30:
          fenced_block ::= LINE_FENCE_BACKTICK_START fenced_lines * LINE_FENCE_BACKTICK
     (62) fenced_block ::= LINE_FENCE_BACKTICK_START fenced_lines *
          fenced_lines ::= fenced_lines * fenced_line
          fenced_line ::= * LINE_CONTINUATION
          fenced_line ::= * LINE_EMPTY

             LINE_CONTINUATION shift-reduce 101    fenced_line ::= LINE_CONTINUATION
           LINE_FENCE_BACKTICK shift-reduce 61     fenced_block ::= LINE_FENCE_BACKTICK_START fenced_lines LINE_FENCE_BACKTICK
           LINE_FENCE_BACKTICK reduce       62      ** Parsing conflict **
                    LINE_EMPTY shift-reduce 102    fenced_line ::= LINE_EMPTY
                    LINE_EMPTY reduce       62      ** Parsing conflict **
                   fenced_line shift-reduce 63     fenced_lines ::= fenced_lines fenced_line
                     {default} reduce       62     fenced_block ::= LINE_FENCE_BACKTICK_START fenced_lines

State 31:
          fenced_block ::= LINE_FENCE_BACKTICK fenced_lines * LINE_FENCE_BACKTICK
     (60) fenced_block ::= LINE_FENCE_BACKTICK fenced_lines *
          fenced_lines ::= fenced_lines * fenced_line
          fenced_line ::= * LINE_CONTINUATION
          fenced_line ::= * LINE_EMPTY

             LINE_CONTINUATION shift-reduce 101    fenced_line ::= LINE_CONTINUATION
           LINE_FENCE_BACKTICK shift-reduce 59     fenced_block ::= LINE_FENCE_BACKTICK fenced_lines LINE_FENCE_BACKTICK
           LINE_FENCE_BACKTICK reduce       60      ** Parsing conflict **
                    LINE_EMPTY shift-reduce 102    fenced_line ::= LINE_EMPTY
                    LINE_EMPTY reduce       60      ** Parsing conflict **
                   fenced_line shift-reduce 63     fenced_lines ::= fenced_lines fenced_line
                     {default} reduce       60     fenced_block ::= LINE_FENCE_BACKTICK fenced_lines

State 32:
          indented_line ::= * LINE_INDENTED_TAB
          indented_line ::= * LINE_INDENTED_SPACE
          empty ::= empty * LINE_EMPTY
          cont_block ::= empty * indented_line para_lines
          cont_block ::= empty * indented_line
     (88) cont_block ::= empty *

             LINE_INDENTED_TAB shift-reduce 78     indented_line ::= LINE_INDENTED_TAB
             LINE_INDENTED_TAB reduce       88      ** Parsing conflict **
           LINE_INDENTED_SPACE shift-reduce 79     indented_line ::= LINE_INDENTED_SPACE
           LINE_INDENTED_SPACE reduce       88      ** Parsing conflict **
                    LINE_EMPTY shift-reduce 28     empty ::= empty LINE_EMPTY
                    LINE_EMPTY reduce       88      ** Parsing conflict **
                 indented_line shift        28     
                     {default} reduce       88     cont_block ::= empty

State 33:
     (64) meta_block ::= LINE_META meta_lines *
          meta_lines ::= meta_lines * meta_line
          meta_line ::= * LINE_META
          meta_line ::= * LINE_CONTINUATION

             LINE_CONTINUATION shift-reduce 106    meta_line ::= LINE_CONTINUATION
                     LINE_META shift-reduce 105    meta_line ::= LINE_META
                     LINE_META reduce       64      ** Parsing conflict **
                     meta_line shift-reduce 65     meta_lines ::= meta_lines meta_line
                     {default} reduce       64     meta_block ::= LINE_META meta_lines

State 34:
     (57) html_block ::= LINE_HTML html_block_lines *
          html_block_lines ::= html_block_lines * html_block_line
          html_block_line ::= * LINE_CONTINUATION
          html_block_line ::= * LINE_HTML

             LINE_CONTINUATION shift-reduce 97     html_block_line ::= LINE_CONTINUATION
                     LINE_HTML shift-reduce 98     html_block_line ::= LINE_HTML
                     LINE_HTML reduce       57      ** Parsing conflict **
               html_block_line shift-reduce 58     html_block_lines ::= html_block_lines html_block_line
                     {default} reduce       57     html_block ::= LINE_HTML html_block_lines

State 35:
     (29) blockquote ::= LINE_BLOCKQUOTE quote_lines *
          quote_lines ::= quote_lines * quote_line
          quote_line ::= * LINE_BLOCKQUOTE
          quote_line ::= * LINE_CONTINUATION

             LINE_CONTINUATION shift-reduce 84     quote_line ::= LINE_CONTINUATION
               LINE_BLOCKQUOTE shift-reduce 83     quote_line ::= LINE_BLOCKQUOTE
               LINE_BLOCKQUOTE reduce       29      ** Parsing conflict **
                    quote_line shift-reduce 30     quote_lines ::= quote_lines quote_line
                     {default} reduce       29     blockquote ::= LINE_BLOCKQUOTE quote_lines

State 36:
          defs ::= defs * def
          def ::= * LINE_DEFINITION def_lines
          def ::= * LINE_DEFINITION
    (109) para ::= defs *

               LINE_DEFINITION shift        42     
               LINE_DEFINITION reduce       109     ** Parsing conflict **
                           def shift-reduce 67     defs ::= defs def
                     {default} reduce       109    para ::= defs

State 37:
          para_lines ::= para_lines * para_line
          para_line ::= * LINE_CONTINUATION
     (56) def_link ::= LINE_DEF_LINK para_lines *

             LINE_CONTINUATION shift-reduce 74     para_line ::= LINE_CONTINUATION
                     para_line shift-reduce 26     para_lines ::= para_lines para_line
                     {default} reduce       56     def_link ::= LINE_DEF_LINK para_lines

State 38:
     (25) para ::= LINE_PLAIN para_lines *
          para_lines ::= para_lines * para_line
          para_line ::= * LINE_CONTINUATION

             LINE_CONTINUATION shift-reduce 74     para_line ::= LINE_CONTINUATION
                     para_line shift-reduce 26     para_lines ::= para_lines para_line
                     {default} reduce       25     para ::= LINE_PLAIN para_lines

State 39:
     (13) block ::= list_enumerated *
          list_enumerated ::= list_enumerated * item_enumerated
          item_enumerated ::= * LINE_LIST_ENUMERATED para_lines cont_blocks
          item_enumerated ::= * LINE_LIST_ENUMERATED para_lines
          item_enumerated ::= * LINE_LIST_ENUMERATED cont_blocks
          item_enumerated ::= * LINE_LIST_ENUMERATED

          LINE_LIST_ENUMERATED shift        4      
          LINE_LIST_ENUMERATED reduce       13      ** Parsing conflict **
               item_enumerated shift-reduce 36     list_enumerated ::= list_enumerated item_enumerated
                     {default} reduce       13     block ::= list_enumerated

State 40:
          para_lines ::= para_lines * para_line
          para_line ::= * LINE_CONTINUATION
     (42) cont_block ::= empty indented_line para_lines *

             LINE_CONTINUATION shift-reduce 74     para_line ::= LINE_CONTINUATION
                     para_line shift-reduce 26     para_lines ::= para_lines para_line
                     {default} reduce       42     cont_block ::= empty indented_line para_lines

State 41:
     (12) block ::= list_bulleted *
          list_bulleted ::= list_bulleted * item_bulleted
          item_bulleted ::= * LINE_LIST_BULLETED para_lines cont_blocks
          item_bulleted ::= * LINE_LIST_BULLETED para_lines
          item_bulleted ::= * LINE_LIST_BULLETED cont_blocks
          item_bulleted ::= * LINE_LIST_BULLETED

            LINE_LIST_BULLETED shift        5      
            LINE_LIST_BULLETED reduce       12      ** Parsing conflict **
                 item_bulleted shift-reduce 31     list_bulleted ::= list_bulleted item_bulleted
                     {default} reduce       12     block ::= list_bulleted

State 42:
          def ::= LINE_DEFINITION * def_lines
     (69) def ::= LINE_DEFINITION *
          def_lines ::= * def_lines LINE_CONTINUATION
          def_lines ::= * LINE_CONTINUATION

             LINE_CONTINUATION shift-reduce 108    def_lines ::= LINE_CONTINUATION
                     def_lines shift        47     
                     {default} reduce       69     def ::= LINE_DEFINITION

State 43:
     (66) definition_block ::= para defs *
          defs ::= defs * def
          def ::= * LINE_DEFINITION def_lines
          def ::= * LINE_DEFINITION

               LINE_DEFINITION shift        42     
               LINE_DEFINITION reduce       66      ** Parsing conflict **
                           def shift-reduce 67     defs ::= defs def
                     {default} reduce       66     definition_block ::= para defs

State 44:
          table_section ::= table_rows * LINE_EMPTY
     (46) table_section ::= table_rows *
          table_rows ::= table_rows * LINE_TABLE

                    LINE_TABLE shift-reduce 49     table_rows ::= table_rows LINE_TABLE
                    LINE_TABLE reduce       46      ** Parsing conflict **
                    LINE_EMPTY shift-reduce 45     table_section ::= table_rows LINE_EMPTY
                    LINE_EMPTY reduce       46      ** Parsing conflict **
                     {default} reduce       46     table_section ::= table_rows

State 45:
          table_header ::= table_rows * LINE_TABLE_SEPARATOR
          table_rows ::= table_rows * LINE_TABLE
     (71) para ::= table_rows *

          LINE_TABLE_SEPARATOR shift-reduce 44     table_header ::= table_rows LINE_TABLE_SEPARATOR
                    LINE_TABLE shift-reduce 49     table_rows ::= table_rows LINE_TABLE
                    LINE_TABLE reduce       71      ** Parsing conflict **
                     {default} reduce       71     para ::= table_rows

State 46:
     (11) block ::= empty *
          empty ::= empty * LINE_EMPTY

                    LINE_EMPTY shift-reduce 28     empty ::= empty LINE_EMPTY
                    LINE_EMPTY reduce       11      ** Parsing conflict **
                     {default} reduce       11     block ::= empty

State 47:
     (68) def ::= LINE_DEFINITION def_lines *
          def_lines ::= def_lines * LINE_CONTINUATION

             LINE_CONTINUATION shift-reduce 70     def_lines ::= def_lines LINE_CONTINUATION
                     {default} reduce       68     def ::= LINE_DEFINITION def_lines

----------------------------------------------------
Symbols:
    0: $:
    1: LINE_PLAIN
    2: LINE_TABLE_SEPARATOR
    3: LINE_CONTINUATION
    4: LINE_INDENTED_TAB
    5: LINE_INDENTED_SPACE
    6: LINE_TABLE
    7: LINE_HTML
    8: LINE_ATX_1
    9: LINE_ATX_2
   10: LINE_ATX_3
   11: LINE_ATX_4
   12: LINE_ATX_5
   13: LINE_ATX_6
   14: LINE_HR
   15: LINE_BLOCKQUOTE
   16: LINE_LIST_BULLETED
   17: LINE_LIST_ENUMERATED
   18: LINE_DEF_CITATION
   19: LINE_DEF_FOOTNOTE
   20: LINE_DEF_LINK
   21: LINE_FENCE_BACKTICK
   22: LINE_FENCE_BACKTICK_START
   23: LINE_TOC
   24: LINE_EMPTY
   25: LINE_META
   26: LINE_DEFINITION
   27: error:
   28: doc: LINE_PLAIN LINE_INDENTED_TAB LINE_INDENTED_SPACE LINE_TABLE LINE_HTML LINE_ATX_1 LINE_ATX_2 LINE_ATX_3 LINE_ATX_4 LINE_ATX_5 LINE_ATX_6 LINE_HR LINE_BLOCKQUOTE LINE_LIST_BULLETED LINE_LIST_ENUMERATED LINE_DEF_CITATION LINE_DEF_FOOTNOTE LINE_DEF_LINK LINE_FENCE_BACKTICK LINE_FENCE_BACKTICK_START LINE_TOC LINE_EMPTY LINE_META LINE_DEFINITION
   29: blocks: LINE_PLAIN LINE_INDENTED_TAB LINE_INDENTED_SPACE LINE_TABLE LINE_HTML LINE_ATX_1 LINE_ATX_2 LINE_ATX_3 LINE_ATX_4 LINE_ATX_5 LINE_ATX_6 LINE_HR LINE_BLOCKQUOTE LINE_LIST_BULLETED LINE_LIST_ENUMERATED LINE_DEF_CITATION LINE_DEF_FOOTNOTE LINE_DEF_LINK LINE_FENCE_BACKTICK LINE_FENCE_BACKTICK_START LINE_TOC LINE_EMPTY LINE_META LINE_DEFINITION
   30: block: LINE_PLAIN LINE_INDENTED_TAB LINE_INDENTED_SPACE LINE_TABLE LINE_HTML LINE_ATX_1 LINE_ATX_2 LINE_ATX_3 LINE_ATX_4 LINE_ATX_5 LINE_ATX_6 LINE_HR LINE_BLOCKQUOTE LINE_LIST_BULLETED LINE_LIST_ENUMERATED LINE_DEF_CITATION LINE_DEF_FOOTNOTE LINE_DEF_LINK LINE_FENCE_BACKTICK LINE_FENCE_BACKTICK_START LINE_TOC LINE_EMPTY LINE_META LINE_DEFINITION
   31: para: LINE_PLAIN LINE_TABLE LINE_DEFINITION
   32: indented_code: LINE_INDENTED_TAB LINE_INDENTED_SPACE
   33: empty: LINE_EMPTY
   34: list_bulleted: LINE_LIST_BULLETED
   35: list_enumerated: LINE_LIST_ENUMERATED
   36: blockquote: LINE_BLOCKQUOTE
   37: table: LINE_TABLE
   38: def_citation: LINE_DEF_CITATION
   39: def_footnote: LINE_DEF_FOOTNOTE
   40: def_link: LINE_DEF_LINK
   41: html_block: LINE_HTML
   42: fenced_block: LINE_FENCE_BACKTICK LINE_FENCE_BACKTICK_START
   43: meta_block: LINE_META
   44: definition_block: LINE_PLAIN LINE_TABLE LINE_DEFINITION
   45: para_lines: LINE_CONTINUATION
   46: para_line: LINE_CONTINUATION
   47: code_line: LINE_INDENTED_TAB LINE_INDENTED_SPACE LINE_EMPTY
   48: indented_line: LINE_INDENTED_TAB LINE_INDENTED_SPACE
   49: quote_lines: LINE_CONTINUATION LINE_BLOCKQUOTE
   50: quote_line: LINE_CONTINUATION LINE_BLOCKQUOTE
   51: item_bulleted: LINE_LIST_BULLETED
   52: cont_blocks: LINE_EMPTY
   53: item_enumerated: LINE_LIST_ENUMERATED
   54: cont_block: LINE_EMPTY
   55: table_header: LINE_TABLE
   56: table_rows: LINE_TABLE
   57: table_section: LINE_TABLE
   58: table_body: LINE_TABLE
   59: html_block_lines: LINE_CONTINUATION LINE_HTML
   60: html_block_line: LINE_CONTINUATION LINE_HTML
   61: fenced_lines: <lambda> LINE_CONTINUATION LINE_EMPTY
   62: fenced_line: LINE_CONTINUATION LINE_EMPTY
   63: meta_lines: LINE_CONTINUATION LINE_META
   64: meta_line: LINE_CONTINUATION LINE_META
   65: defs: LINE_DEFINITION
   66: def: LINE_DEFINITION
   67: def_lines: LINE_CONTINUATION
